(node:186381) [streamroller-DEP0001] DeprecationWarning: options.daysToKeep is deprecated due to the confusion it causes when used together with file size rolling. Please use options.numBackups instead.
(Use `node --trace-deprecation ...` to show where the warning was created)
(node:186381) [streamroller-DEP0001] DeprecationWarning: options.daysToKeep is deprecated due to the confusion it causes when used together with file size rolling. Please use options.numBackups instead.
[32m[2024-05-25T18:12:02.949] [INFO] default - [39mNode.js is listening to PORT:3000
Connected to socket /tmp/node-mpv.sock
Connected to socket /tmp/node-mpv.sock
Connected to socket /tmp/node-mpv.sock
Connected to socket /tmp/node-mpv.sock
Connected to socket /tmp/node-mpv.sock
Connected to socket /tmp/node-mpv.sock
Connected to socket /tmp/node-mpv.sock
Connected to socket /tmp/node-mpv.sock
Connected to socket /tmp/node-mpv.sock
Connected to socket /tmp/node-mpv.sock
Connected to socket /tmp/node-mpv.sock
Connected to socket /tmp/node-mpv.sock
Connected to socket /tmp/node-mpv.sock
Connected to socket /tmp/node-mpv.sock
Connected to socket /tmp/node-mpv.sock
Connected to socket /tmp/node-mpv.sock
Connected to socket /tmp/node-mpv.sock
Connected to socket /tmp/node-mpv.sock
Connected to socket /tmp/node-mpv.sock
Connected to socket /tmp/node-mpv.sock
Connected to socket /tmp/node-mpv.sock
Connected to socket /tmp/node-mpv.sock
Connected to socket /tmp/node-mpv.sock
Connected to socket /tmp/node-mpv.sock
Connected to socket /tmp/node-mpv.sock
Connected to socket /tmp/node-mpv.sock
Connected to socket /tmp/node-mpv.sock
Connected to socket /tmp/node-mpv.sock
Connected to socket /tmp/node-mpv.sock
Connected to socket /tmp/node-mpv.sock
Connected to socket /tmp/node-mpv.sock
Connected to socket /tmp/node-mpv.sock
Connected to socket /tmp/node-mpv.sock
Connected to socket /tmp/node-mpv.sock
Connected to socket /tmp/node-mpv.sock
Connected to socket /tmp/node-mpv.sock
Connected to socket /tmp/node-mpv.sock
Connected to socket /tmp/node-mpv.sock
Connected to socket /tmp/node-mpv.sock
Connected to socket /tmp/node-mpv.sock
Connected to socket /tmp/node-mpv.sock
Connected to socket /tmp/node-mpv.sock
Connected to socket /tmp/node-mpv.sock
Connected to socket /tmp/node-mpv.sock
Connected to socket /tmp/node-mpv.sock
Connected to socket /tmp/node-mpv.sock
Connected to socket /tmp/node-mpv.sock
Connected to socket /tmp/node-mpv.sock
Connected to socket /tmp/node-mpv.sock
Connected to socket /tmp/node-mpv.sock
Connected to socket /tmp/node-mpv.sock
Connected to socket /tmp/node-mpv.sock
Connected to socket /tmp/node-mpv.sock
Connected to socket /tmp/node-mpv.sock
Connected to socket /tmp/node-mpv.sock
Connected to socket /tmp/node-mpv.sock
Connected to socket /tmp/node-mpv.sock
Connected to socket /tmp/node-mpv.sock
Connected to socket /tmp/node-mpv.sock
Connected to socket /tmp/node-mpv.sock
Connected to socket /tmp/node-mpv.sock
Connected to socket /tmp/node-mpv.sock
Connected to socket /tmp/node-mpv.sock
Connected to socket /tmp/node-mpv.sock
Connected to socket /tmp/node-mpv.sock
Connected to socket /tmp/node-mpv.sock
Connected to socket /tmp/node-mpv.sock
Connected to socket /tmp/node-mpv.sock
Connected to socket /tmp/node-mpv.sock
Connected to socket /tmp/node-mpv.sock
Connected to socket /tmp/node-mpv.sock
Connected to socket /tmp/node-mpv.sock
Connected to socket /tmp/node-mpv.sock
Connected to socket /tmp/node-mpv.sock
Connected to socket /tmp/node-mpv.sock
Connected to socket /tmp/node-mpv.sock
Connected to socket /tmp/node-mpv.sock
Connected to socket /tmp/node-mpv.sock
Connected to socket /tmp/node-mpv.sock
Connected to socket /tmp/node-mpv.sock
Connected to socket /tmp/node-mpv.sock
Connected to socket /tmp/node-mpv.sock
Connected to socket /tmp/node-mpv.sock
Connected to socket /tmp/node-mpv.sock
Connected to socket /tmp/node-mpv.sock
Connected to socket /tmp/node-mpv.sock
Connected to socket /tmp/node-mpv.sock
Connected to socket /tmp/node-mpv.sock
Connected to socket /tmp/node-mpv.sock
Connected to socket /tmp/node-mpv.sock
Connected to socket /tmp/node-mpv.sock
Connected to socket /tmp/node-mpv.sock
Connected to socket /tmp/node-mpv.sock
Connected to socket /tmp/node-mpv.sock
Connected to socket /tmp/node-mpv.sock
Connected to socket /tmp/node-mpv.sock
Connected to socket /tmp/node-mpv.sock
Connected to socket /tmp/node-mpv.sock
Connected to socket /tmp/node-mpv.sock
Connected to socket /tmp/node-mpv.sock
Connected to socket /tmp/node-mpv.sock
Connected to socket /tmp/node-mpv.sock
Connected to socket /tmp/node-mpv.sock
Connected to socket /tmp/node-mpv.sock
Connected to socket /tmp/node-mpv.sock
Connected to socket /tmp/node-mpv.sock
Connected to socket /tmp/node-mpv.sock
Connected to socket /tmp/node-mpv.sock
Connected to socket /tmp/node-mpv.sock
Connected to socket /tmp/node-mpv.sock
Connected to socket /tmp/node-mpv.sock
Connected to socket /tmp/node-mpv.sock
Connected to socket /tmp/node-mpv.sock
Connected to socket /tmp/node-mpv.sock
Connected to socket /tmp/node-mpv.sock
Connected to socket /tmp/node-mpv.sock
Connected to socket /tmp/node-mpv.sock
Connected to socket /tmp/node-mpv.sock
Connected to socket /tmp/node-mpv.sock
Connected to socket /tmp/node-mpv.sock
Connected to socket /tmp/node-mpv.sock
Connected to socket /tmp/node-mpv.sock
Connected to socket /tmp/node-mpv.sock
Connected to socket /tmp/node-mpv.sock
Connected to socket /tmp/node-mpv.sock
Connected to socket /tmp/node-mpv.sock
Connected to socket /tmp/node-mpv.sock
Connected to socket /tmp/node-mpv.sock
Connected to socket /tmp/node-mpv.sock
Connected to socket /tmp/node-mpv.sock
Connected to socket /tmp/node-mpv.sock
Connected to socket /tmp/node-mpv.sock
Connected to socket /tmp/node-mpv.sock
Connected to socket /tmp/node-mpv.sock
Connected to socket /tmp/node-mpv.sock
Connected to socket /tmp/node-mpv.sock
Connected to socket /tmp/node-mpv.sock
Connected to socket /tmp/node-mpv.sock
Connected to socket /tmp/node-mpv.sock
Connected to socket /tmp/node-mpv.sock
Connected to socket /tmp/node-mpv.sock
Connected to socket /tmp/node-mpv.sock
Connected to socket /tmp/node-mpv.sock
Connected to socket /tmp/node-mpv.sock
Connected to socket /tmp/node-mpv.sock
Connected to socket /tmp/node-mpv.sock
Connected to socket /tmp/node-mpv.sock
Connected to socket /tmp/node-mpv.sock
Connected to socket /tmp/node-mpv.sock
Connected to socket /tmp/node-mpv.sock
Connected to socket /tmp/node-mpv.sock
Connected to socket /tmp/node-mpv.sock
Connected to socket /tmp/node-mpv.sock
Connected to socket /tmp/node-mpv.sock
Connected to socket /tmp/node-mpv.sock
Connected to socket /tmp/node-mpv.sock
Connected to socket /tmp/node-mpv.sock
Connected to socket /tmp/node-mpv.sock
Connected to socket /tmp/node-mpv.sock
Connected to socket /tmp/node-mpv.sock
Connected to socket /tmp/node-mpv.sock
Connected to socket /tmp/node-mpv.sock
Connected to socket /tmp/node-mpv.sock
Connected to socket /tmp/node-mpv.sock
Connected to socket /tmp/node-mpv.sock
Connected to socket /tmp/node-mpv.sock
Connected to socket /tmp/node-mpv.sock
Connected to socket /tmp/node-mpv.sock
Connected to socket /tmp/node-mpv.sock
Connected to socket /tmp/node-mpv.sock
Connected to socket /tmp/node-mpv.sock
Connected to socket /tmp/node-mpv.sock
Connected to socket /tmp/node-mpv.sock
Connected to socket /tmp/node-mpv.sock
Connected to socket /tmp/node-mpv.sock
Connected to socket /tmp/node-mpv.sock
Connected to socket /tmp/node-mpv.sock
Connected to socket /tmp/node-mpv.sock
Connected to socket /tmp/node-mpv.sock
Connected to socket /tmp/node-mpv.sock
Connected to socket /tmp/node-mpv.sock
Connected to socket /tmp/node-mpv.sock
Connected to socket /tmp/node-mpv.sock
Connected to socket /tmp/node-mpv.sock
Connected to socket /tmp/node-mpv.sock
Connected to socket /tmp/node-mpv.sock
Connected to socket /tmp/node-mpv.sock
Connected to socket /tmp/node-mpv.sock
Connected to socket /tmp/node-mpv.sock
Connected to socket /tmp/node-mpv.sock
Connected to socket /tmp/node-mpv.sock
Connected to socket /tmp/node-mpv.sock
Connected to socket /tmp/node-mpv.sock
Connected to socket /tmp/node-mpv.sock
Connected to socket /tmp/node-mpv.sock
Connected to socket /tmp/node-mpv.sock
Connected to socket /tmp/node-mpv.sock
Connected to socket /tmp/node-mpv.sock
Connected to socket /tmp/node-mpv.sock
Connected to socket /tmp/node-mpv.sock
Connected to socket /tmp/node-mpv.sock
Connected to socket /tmp/node-mpv.sock
Connected to socket /tmp/node-mpv.sock
Connected to socket /tmp/node-mpv.sock
Connected to socket /tmp/node-mpv.sock
Connected to socket /tmp/node-mpv.sock
Connected to socket /tmp/node-mpv.sock
Connected to socket /tmp/node-mpv.sock
Connected to socket /tmp/node-mpv.sock
Connected to socket /tmp/node-mpv.sock
Connected to socket /tmp/node-mpv.sock
Connected to socket /tmp/node-mpv.sock
Connected to socket /tmp/node-mpv.sock
Connected to socket /tmp/node-mpv.sock
Connected to socket /tmp/node-mpv.sock
Connected to socket /tmp/node-mpv.sock
Connected to socket /tmp/node-mpv.sock
Connected to socket /tmp/node-mpv.sock
Connected to socket /tmp/node-mpv.sock
Connected to socket /tmp/node-mpv.sock
Connected to socket /tmp/node-mpv.sock
Connected to socket /tmp/node-mpv.sock
Connected to socket /tmp/node-mpv.sock
Connected to socket /tmp/node-mpv.sock
Connected to socket /tmp/node-mpv.sock
Connected to socket /tmp/node-mpv.sock
Connected to socket /tmp/node-mpv.sock
Connected to socket /tmp/node-mpv.sock
Connected to socket /tmp/node-mpv.sock
Connected to socket /tmp/node-mpv.sock
Connected to socket /tmp/node-mpv.sock
Connected to socket /tmp/node-mpv.sock
Connected to socket /tmp/node-mpv.sock
Connected to socket /tmp/node-mpv.sock
Connected to socket /tmp/node-mpv.sock
Connected to socket /tmp/node-mpv.sock
Connected to socket /tmp/node-mpv.sock
Connected to socket /tmp/node-mpv.sock
Connected to socket /tmp/node-mpv.sock
Connected to socket /tmp/node-mpv.sock
Connected to socket /tmp/node-mpv.sock
Connected to socket /tmp/node-mpv.sock
Connected to socket /tmp/node-mpv.sock
Connected to socket /tmp/node-mpv.sock
Connected to socket /tmp/node-mpv.sock
Connected to socket /tmp/node-mpv.sock
Connected to socket /tmp/node-mpv.sock
Connected to socket /tmp/node-mpv.sock
Connected to socket /tmp/node-mpv.sock
Connected to socket /tmp/node-mpv.sock
Connected to socket /tmp/node-mpv.sock
Connected to socket /tmp/node-mpv.sock
Connected to socket /tmp/node-mpv.sock
Connected to socket /tmp/node-mpv.sock
Connected to socket /tmp/node-mpv.sock
Connected to socket /tmp/node-mpv.sock
Connected to socket /tmp/node-mpv.sock
Connected to socket /tmp/node-mpv.sock
Connected to socket /tmp/node-mpv.sock
Connected to socket /tmp/node-mpv.sock
Connected to socket /tmp/node-mpv.sock
Connected to socket /tmp/node-mpv.sock
Connected to socket /tmp/node-mpv.sock
Connected to socket /tmp/node-mpv.sock
Connected to socket /tmp/node-mpv.sock
Connected to socket /tmp/node-mpv.sock
Connected to socket /tmp/node-mpv.sock
Connected to socket /tmp/node-mpv.sock
Connected to socket /tmp/node-mpv.sock
Connected to socket /tmp/node-mpv.sock
Connected to socket /tmp/node-mpv.sock
Connected to socket /tmp/node-mpv.sock
Connected to socket /tmp/node-mpv.sock
Connected to socket /tmp/node-mpv.sock
Connected to socket /tmp/node-mpv.sock
Connected to socket /tmp/node-mpv.sock
Connected to socket /tmp/node-mpv.sock
Connected to socket /tmp/node-mpv.sock
Connected to socket /tmp/node-mpv.sock
Connected to socket /tmp/node-mpv.sock
Connected to socket /tmp/node-mpv.sock
Connected to socket /tmp/node-mpv.sock
Connected to socket /tmp/node-mpv.sock
Connected to socket /tmp/node-mpv.sock
Connected to socket /tmp/node-mpv.sock
Connected to socket /tmp/node-mpv.sock
Connected to socket /tmp/node-mpv.sock
Connected to socket /tmp/node-mpv.sock
Connected to socket /tmp/node-mpv.sock
Connected to socket /tmp/node-mpv.sock
Connected to socket /tmp/node-mpv.sock
Connected to socket /tmp/node-mpv.sock
Connected to socket /tmp/node-mpv.sock
Connected to socket /tmp/node-mpv.sock
Connected to socket /tmp/node-mpv.sock
Connected to socket /tmp/node-mpv.sock
Connected to socket /tmp/node-mpv.sock
Connected to socket /tmp/node-mpv.sock
Connected to socket /tmp/node-mpv.sock
Connected to socket /tmp/node-mpv.sock
Connected to socket /tmp/node-mpv.sock
Connected to socket /tmp/node-mpv.sock
Connected to socket /tmp/node-mpv.sock
Connected to socket /tmp/node-mpv.sock
Connected to socket /tmp/node-mpv.sock
Connected to socket /tmp/node-mpv.sock
Connected to socket /tmp/node-mpv.sock
Connected to socket /tmp/node-mpv.sock
Connected to socket /tmp/node-mpv.sock
Connected to socket /tmp/node-mpv.sock
Connected to socket /tmp/node-mpv.sock
Connected to socket /tmp/node-mpv.sock
Connected to socket /tmp/node-mpv.sock
Connected to socket /tmp/node-mpv.sock
Connected to socket /tmp/node-mpv.sock
Connected to socket /tmp/node-mpv.sock
Connected to socket /tmp/node-mpv.sock
Connected to socket /tmp/node-mpv.sock
Connected to socket /tmp/node-mpv.sock
Connected to socket /tmp/node-mpv.sock
Connected to socket /tmp/node-mpv.sock
Connected to socket /tmp/node-mpv.sock
Connected to socket /tmp/node-mpv.sock
Connected to socket /tmp/node-mpv.sock
Connected to socket /tmp/node-mpv.sock
Connected to socket /tmp/node-mpv.sock
Connected to socket /tmp/node-mpv.sock
Connected to socket /tmp/node-mpv.sock
Connected to socket /tmp/node-mpv.sock
Connected to socket /tmp/node-mpv.sock
Connected to socket /tmp/node-mpv.sock
Connected to socket /tmp/node-mpv.sock
Connected to socket /tmp/node-mpv.sock
Connected to socket /tmp/node-mpv.sock
Connected to socket /tmp/node-mpv.sock
Connected to socket /tmp/node-mpv.sock
Connected to socket /tmp/node-mpv.sock
Connected to socket /tmp/node-mpv.sock
Connected to socket /tmp/node-mpv.sock
Connected to socket /tmp/node-mpv.sock
Connected to socket /tmp/node-mpv.sock
Connected to socket /tmp/node-mpv.sock
Connected to socket /tmp/node-mpv.sock
Connected to socket /tmp/node-mpv.sock
Connected to socket /tmp/node-mpv.sock
Connected to socket /tmp/node-mpv.sock
Connected to socket /tmp/node-mpv.sock
Connected to socket /tmp/node-mpv.sock
Connected to socket /tmp/node-mpv.sock
Connected to socket /tmp/node-mpv.sock
Connected to socket /tmp/node-mpv.sock
Connected to socket /tmp/node-mpv.sock
Connected to socket /tmp/node-mpv.sock
Connected to socket /tmp/node-mpv.sock
Connected to socket /tmp/node-mpv.sock
Connected to socket /tmp/node-mpv.sock
Connected to socket /tmp/node-mpv.sock
Connected to socket /tmp/node-mpv.sock
Connected to socket /tmp/node-mpv.sock
Connected to socket /tmp/node-mpv.sock
Connected to socket /tmp/node-mpv.sock
Connected to socket /tmp/node-mpv.sock
Connected to socket /tmp/node-mpv.sock
Connected to socket /tmp/node-mpv.sock
Connected to socket /tmp/node-mpv.sock
Connected to socket /tmp/node-mpv.sock
Connected to socket /tmp/node-mpv.sock
Connected to socket /tmp/node-mpv.sock
Connected to socket /tmp/node-mpv.sock
Connected to socket /tmp/node-mpv.sock
Connected to socket /tmp/node-mpv.sock
Connected to socket /tmp/node-mpv.sock
Connected to socket /tmp/node-mpv.sock
Connected to socket /tmp/node-mpv.sock
Connected to socket /tmp/node-mpv.sock
Connected to socket /tmp/node-mpv.sock
Connected to socket /tmp/node-mpv.sock
Connected to socket /tmp/node-mpv.sock
Connected to socket /tmp/node-mpv.sock
Connected to socket /tmp/node-mpv.sock
Connected to socket /tmp/node-mpv.sock
Connected to socket /tmp/node-mpv.sock
Connected to socket /tmp/node-mpv.sock
Connected to socket /tmp/node-mpv.sock
Connected to socket /tmp/node-mpv.sock
Connected to socket /tmp/node-mpv.sock
Connected to socket /tmp/node-mpv.sock
Connected to socket /tmp/node-mpv.sock
Connected to socket /tmp/node-mpv.sock
Connected to socket /tmp/node-mpv.sock
Connected to socket /tmp/node-mpv.sock
Connected to socket /tmp/node-mpv.sock
Connected to socket /tmp/node-mpv.sock
Connected to socket /tmp/node-mpv.sock
Connected to socket /tmp/node-mpv.sock
Connected to socket /tmp/node-mpv.sock
Connected to socket /tmp/node-mpv.sock
Connected to socket /tmp/node-mpv.sock
Connected to socket /tmp/node-mpv.sock
Connected to socket /tmp/node-mpv.sock
Connected to socket /tmp/node-mpv.sock
Connected to socket /tmp/node-mpv.sock
Connected to socket /tmp/node-mpv.sock
Connected to socket /tmp/node-mpv.sock
Connected to socket /tmp/node-mpv.sock
Connected to socket /tmp/node-mpv.sock
Connected to socket /tmp/node-mpv.sock
Connected to socket /tmp/node-mpv.sock
Connected to socket /tmp/node-mpv.sock
Connected to socket /tmp/node-mpv.sock
Connected to socket /tmp/node-mpv.sock
Connected to socket /tmp/node-mpv.sock
Connected to socket /tmp/node-mpv.sock
Connected to socket /tmp/node-mpv.sock
Connected to socket /tmp/node-mpv.sock
Connected to socket /tmp/node-mpv.sock
Connected to socket /tmp/node-mpv.sock
Connected to socket /tmp/node-mpv.sock
Connected to socket /tmp/node-mpv.sock
Connected to socket /tmp/node-mpv.sock
Connected to socket /tmp/node-mpv.sock
Connected to socket /tmp/node-mpv.sock
Connected to socket /tmp/node-mpv.sock
Connected to socket /tmp/node-mpv.sock
Connected to socket /tmp/node-mpv.sock
Connected to socket /tmp/node-mpv.sock
Connected to socket /tmp/node-mpv.sock
Connected to socket /tmp/node-mpv.sock
Connected to socket /tmp/node-mpv.sock
Connected to socket /tmp/node-mpv.sock
Connected to socket /tmp/node-mpv.sock
Connected to socket /tmp/node-mpv.sock
Connected to socket /tmp/node-mpv.sock
Connected to socket /tmp/node-mpv.sock
Connected to socket /tmp/node-mpv.sock
Connected to socket /tmp/node-mpv.sock
Connected to socket /tmp/node-mpv.sock
Connected to socket /tmp/node-mpv.sock
Connected to socket /tmp/node-mpv.sock
Connected to socket /tmp/node-mpv.sock
Connected to socket /tmp/node-mpv.sock
Connected to socket /tmp/node-mpv.sock
Connected to socket /tmp/node-mpv.sock
Connected to socket /tmp/node-mpv.sock
Connected to socket /tmp/node-mpv.sock
Connected to socket /tmp/node-mpv.sock
Connected to socket /tmp/node-mpv.sock
Connected to socket /tmp/node-mpv.sock
Connected to socket /tmp/node-mpv.sock
Connected to socket /tmp/node-mpv.sock
Connected to socket /tmp/node-mpv.sock
Connected to socket /tmp/node-mpv.sock
Connected to socket /tmp/node-mpv.sock
Connected to socket /tmp/node-mpv.sock
Connected to socket /tmp/node-mpv.sock
Connected to socket /tmp/node-mpv.sock
Connected to socket /tmp/node-mpv.sock
Connected to socket /tmp/node-mpv.sock
Connected to socket /tmp/node-mpv.sock
Connected to socket /tmp/node-mpv.sock
Connected to socket /tmp/node-mpv.sock
Connected to socket /tmp/node-mpv.sock
Connected to socket /tmp/node-mpv.sock
Connected to socket /tmp/node-mpv.sock
Connected to socket /tmp/node-mpv.sock
Connected to socket /tmp/node-mpv.sock
Connected to socket /tmp/node-mpv.sock
Connected to socket /tmp/node-mpv.sock
Connected to socket /tmp/node-mpv.sock
Connected to socket /tmp/node-mpv.sock
Connected to socket /tmp/node-mpv.sock
Connected to socket /tmp/node-mpv.sock
Connected to socket /tmp/node-mpv.sock
Connected to socket /tmp/node-mpv.sock
Connected to socket /tmp/node-mpv.sock
Connected to socket /tmp/node-mpv.sock
Connected to socket /tmp/node-mpv.sock
Connected to socket /tmp/node-mpv.sock
Connected to socket /tmp/node-mpv.sock
Connected to socket /tmp/node-mpv.sock
Connected to socket /tmp/node-mpv.sock
Connected to socket /tmp/node-mpv.sock
Connected to socket /tmp/node-mpv.sock
Connected to socket /tmp/node-mpv.sock
Connected to socket /tmp/node-mpv.sock
Connected to socket /tmp/node-mpv.sock
Connected to socket /tmp/node-mpv.sock
Connected to socket /tmp/node-mpv.sock
Connected to socket /tmp/node-mpv.sock
Connected to socket /tmp/node-mpv.sock
Connected to socket /tmp/node-mpv.sock
Connected to socket /tmp/node-mpv.sock
Connected to socket /tmp/node-mpv.sock
Connected to socket /tmp/node-mpv.sock
Connected to socket /tmp/node-mpv.sock
Connected to socket /tmp/node-mpv.sock
Connected to socket /tmp/node-mpv.sock
Connected to socket /tmp/node-mpv.sock
Connected to socket /tmp/node-mpv.sock
Connected to socket /tmp/node-mpv.sock
Connected to socket /tmp/node-mpv.sock
Connected to socket /tmp/node-mpv.sock
Connected to socket /tmp/node-mpv.sock
Connected to socket /tmp/node-mpv.sock
Connected to socket /tmp/node-mpv.sock
Connected to socket /tmp/node-mpv.sock
Connected to socket /tmp/node-mpv.sock
Connected to socket /tmp/node-mpv.sock
Connected to socket /tmp/node-mpv.sock
Connected to socket /tmp/node-mpv.sock
Connected to socket /tmp/node-mpv.sock
Connected to socket /tmp/node-mpv.sock
Connected to socket /tmp/node-mpv.sock
Connected to socket /tmp/node-mpv.sock
Connected to socket /tmp/node-mpv.sock
Connected to socket /tmp/node-mpv.sock
Connected to socket /tmp/node-mpv.sock
Connected to socket /tmp/node-mpv.sock
Connected to socket /tmp/node-mpv.sock
Connected to socket /tmp/node-mpv.sock
Connected to socket /tmp/node-mpv.sock
Connected to socket /tmp/node-mpv.sock
Connected to socket /tmp/node-mpv.sock
Connected to socket /tmp/node-mpv.sock
Connected to socket /tmp/node-mpv.sock
Connected to socket /tmp/node-mpv.sock
Connected to socket /tmp/node-mpv.sock
Connected to socket /tmp/node-mpv.sock
Connected to socket /tmp/node-mpv.sock
Connected to socket /tmp/node-mpv.sock
Connected to socket /tmp/node-mpv.sock
Connected to socket /tmp/node-mpv.sock
Connected to socket /tmp/node-mpv.sock
Connected to socket /tmp/node-mpv.sock
Connected to socket /tmp/node-mpv.sock
Connected to socket /tmp/node-mpv.sock
Connected to socket /tmp/node-mpv.sock
Connected to socket /tmp/node-mpv.sock
Connected to socket /tmp/node-mpv.sock
Connected to socket /tmp/node-mpv.sock
Connected to socket /tmp/node-mpv.sock
Connected to socket /tmp/node-mpv.sock
Connected to socket /tmp/node-mpv.sock
Connected to socket /tmp/node-mpv.sock
Connected to socket /tmp/node-mpv.sock
Connected to socket /tmp/node-mpv.sock
Connected to socket /tmp/node-mpv.sock
Connected to socket /tmp/node-mpv.sock
Connected to socket /tmp/node-mpv.sock
Connected to socket /tmp/node-mpv.sock
Connected to socket /tmp/node-mpv.sock
Connected to socket /tmp/node-mpv.sock
Connected to socket /tmp/node-mpv.sock
Connected to socket /tmp/node-mpv.sock
Connected to socket /tmp/node-mpv.sock
Connected to socket /tmp/node-mpv.sock
Connected to socket /tmp/node-mpv.sock
Connected to socket /tmp/node-mpv.sock
Connected to socket /tmp/node-mpv.sock
Connected to socket /tmp/node-mpv.sock
Connected to socket /tmp/node-mpv.sock
Connected to socket /tmp/node-mpv.sock
Connected to socket /tmp/node-mpv.sock
Connected to socket /tmp/node-mpv.sock
Connected to socket /tmp/node-mpv.sock
Connected to socket /tmp/node-mpv.sock
Connected to socket /tmp/node-mpv.sock
Connected to socket /tmp/node-mpv.sock
Connected to socket /tmp/node-mpv.sock
Connected to socket /tmp/node-mpv.sock
Connected to socket /tmp/node-mpv.sock
Connected to socket /tmp/node-mpv.sock
Connected to socket /tmp/node-mpv.sock
Connected to socket /tmp/node-mpv.sock
Connected to socket /tmp/node-mpv.sock
Connected to socket /tmp/node-mpv.sock
Connected to socket /tmp/node-mpv.sock
Connected to socket /tmp/node-mpv.sock
Connected to socket /tmp/node-mpv.sock
Connected to socket /tmp/node-mpv.sock
Connected to socket /tmp/node-mpv.sock
Connected to socket /tmp/node-mpv.sock
Connected to socket /tmp/node-mpv.sock
Connected to socket /tmp/node-mpv.sock
Connected to socket /tmp/node-mpv.sock
Connected to socket /tmp/node-mpv.sock
Connected to socket /tmp/node-mpv.sock
Connected to socket /tmp/node-mpv.sock
Connected to socket /tmp/node-mpv.sock
Connected to socket /tmp/node-mpv.sock
Connected to socket /tmp/node-mpv.sock
Connected to socket /tmp/node-mpv.sock
Connected to socket /tmp/node-mpv.sock
Connected to socket /tmp/node-mpv.sock
Connected to socket /tmp/node-mpv.sock
Connected to socket /tmp/node-mpv.sock
Connected to socket /tmp/node-mpv.sock
Connected to socket /tmp/node-mpv.sock
Connected to socket /tmp/node-mpv.sock
Connected to socket /tmp/node-mpv.sock
Connected to socket /tmp/node-mpv.sock
Connected to socket /tmp/node-mpv.sock
Connected to socket /tmp/node-mpv.sock
Connected to socket /tmp/node-mpv.sock
Connected to socket /tmp/node-mpv.sock
Connected to socket /tmp/node-mpv.sock
Connected to socket /tmp/node-mpv.sock
Connected to socket /tmp/node-mpv.sock
Connected to socket /tmp/node-mpv.sock
Connected to socket /tmp/node-mpv.sock
Connected to socket /tmp/node-mpv.sock
Connected to socket /tmp/node-mpv.sock
Connected to socket /tmp/node-mpv.sock
Connected to socket /tmp/node-mpv.sock
Connected to socket /tmp/node-mpv.sock
Connected to socket /tmp/node-mpv.sock
Connected to socket /tmp/node-mpv.sock
Connected to socket /tmp/node-mpv.sock
Connected to socket /tmp/node-mpv.sock
Connected to socket /tmp/node-mpv.sock
Connected to socket /tmp/node-mpv.sock
Connected to socket /tmp/node-mpv.sock
Connected to socket /tmp/node-mpv.sock
Connected to socket /tmp/node-mpv.sock
Connected to socket /tmp/node-mpv.sock
Connected to socket /tmp/node-mpv.sock
Connected to socket /tmp/node-mpv.sock
Connected to socket /tmp/node-mpv.sock
Connected to socket /tmp/node-mpv.sock
Connected to socket /tmp/node-mpv.sock
Connected to socket /tmp/node-mpv.sock
Connected to socket /tmp/node-mpv.sock
Connected to socket /tmp/node-mpv.sock
Connected to socket /tmp/node-mpv.sock
Connected to socket /tmp/node-mpv.sock
Connected to socket /tmp/node-mpv.sock
Connected to socket /tmp/node-mpv.sock
Connected to socket /tmp/node-mpv.sock
Connected to socket /tmp/node-mpv.sock
Connected to socket /tmp/node-mpv.sock
Connected to socket /tmp/node-mpv.sock
Connected to socket /tmp/node-mpv.sock
Connected to socket /tmp/node-mpv.sock
Connected to socket /tmp/node-mpv.sock
Connected to socket /tmp/node-mpv.sock
Connected to socket /tmp/node-mpv.sock
Connected to socket /tmp/node-mpv.sock
Connected to socket /tmp/node-mpv.sock
Connected to socket /tmp/node-mpv.sock
Connected to socket /tmp/node-mpv.sock
Connected to socket /tmp/node-mpv.sock
Connected to socket /tmp/node-mpv.sock
Connected to socket /tmp/node-mpv.sock
Connected to socket /tmp/node-mpv.sock
Connected to socket /tmp/node-mpv.sock
Connected to socket /tmp/node-mpv.sock
Connected to socket /tmp/node-mpv.sock
Connected to socket /tmp/node-mpv.sock
Connected to socket /tmp/node-mpv.sock
Connected to socket /tmp/node-mpv.sock
Connected to socket /tmp/node-mpv.sock
Connected to socket /tmp/node-mpv.sock
Connected to socket /tmp/node-mpv.sock
Connected to socket /tmp/node-mpv.sock
Connected to socket /tmp/node-mpv.sock
Connected to socket /tmp/node-mpv.sock
Connected to socket /tmp/node-mpv.sock
Connected to socket /tmp/node-mpv.sock
Connected to socket /tmp/node-mpv.sock
Connected to socket /tmp/node-mpv.sock
Connected to socket /tmp/node-mpv.sock
Connected to socket /tmp/node-mpv.sock
Connected to socket /tmp/node-mpv.sock
Connected to socket /tmp/node-mpv.sock
Connected to socket /tmp/node-mpv.sock
Connected to socket /tmp/node-mpv.sock
Connected to socket /tmp/node-mpv.sock
Connected to socket /tmp/node-mpv.sock
Connected to socket /tmp/node-mpv.sock
Connected to socket /tmp/node-mpv.sock
Connected to socket /tmp/node-mpv.sock
Connected to socket /tmp/node-mpv.sock
Connected to socket /tmp/node-mpv.sock
Connected to socket /tmp/node-mpv.sock
Connected to socket /tmp/node-mpv.sock
Connected to socket /tmp/node-mpv.sock
Connected to socket /tmp/node-mpv.sock
Connected to socket /tmp/node-mpv.sock
Connected to socket /tmp/node-mpv.sock
Connected to socket /tmp/node-mpv.sock
Connected to socket /tmp/node-mpv.sock
Connected to socket /tmp/node-mpv.sock
Connected to socket /tmp/node-mpv.sock
Connected to socket /tmp/node-mpv.sock
Connected to socket /tmp/node-mpv.sock
Connected to socket /tmp/node-mpv.sock
Connected to socket /tmp/node-mpv.sock
Connected to socket /tmp/node-mpv.sock
Connected to socket /tmp/node-mpv.sock
Connected to socket /tmp/node-mpv.sock
Connected to socket /tmp/node-mpv.sock
Connected to socket /tmp/node-mpv.sock
Connected to socket /tmp/node-mpv.sock
Connected to socket /tmp/node-mpv.sock
Connected to socket /tmp/node-mpv.sock
Connected to socket /tmp/node-mpv.sock
Connected to socket /tmp/node-mpv.sock
Connected to socket /tmp/node-mpv.sock
Connected to socket /tmp/node-mpv.sock
Connected to socket /tmp/node-mpv.sock
Connected to socket /tmp/node-mpv.sock
Connected to socket /tmp/node-mpv.sock
Connected to socket /tmp/node-mpv.sock
Connected to socket /tmp/node-mpv.sock
Connected to socket /tmp/node-mpv.sock
Connected to socket /tmp/node-mpv.sock
Connected to socket /tmp/node-mpv.sock
Connected to socket /tmp/node-mpv.sock
Connected to socket /tmp/node-mpv.sock
Connected to socket /tmp/node-mpv.sock
Connected to socket /tmp/node-mpv.sock
Connected to socket /tmp/node-mpv.sock
Connected to socket /tmp/node-mpv.sock
Connected to socket /tmp/node-mpv.sock
Connected to socket /tmp/node-mpv.sock
Connected to socket /tmp/node-mpv.sock
Connected to socket /tmp/node-mpv.sock
Connected to socket /tmp/node-mpv.sock
Connected to socket /tmp/node-mpv.sock
Connected to socket /tmp/node-mpv.sock
Connected to socket /tmp/node-mpv.sock
Connected to socket /tmp/node-mpv.sock
Connected to socket /tmp/node-mpv.sock
Connected to socket /tmp/node-mpv.sock
Connected to socket /tmp/node-mpv.sock
Connected to socket /tmp/node-mpv.sock
Connected to socket /tmp/node-mpv.sock
Connected to socket /tmp/node-mpv.sock
Connected to socket /tmp/node-mpv.sock
Connected to socket /tmp/node-mpv.sock
Connected to socket /tmp/node-mpv.sock
Connected to socket /tmp/node-mpv.sock
Connected to socket /tmp/node-mpv.sock
Connected to socket /tmp/node-mpv.sock
Connected to socket /tmp/node-mpv.sock
Connected to socket /tmp/node-mpv.sock
Connected to socket /tmp/node-mpv.sock
Connected to socket /tmp/node-mpv.sock
Connected to socket /tmp/node-mpv.sock
Connected to socket /tmp/node-mpv.sock
Connected to socket /tmp/node-mpv.sock
Connected to socket /tmp/node-mpv.sock
Connected to socket /tmp/node-mpv.sock
Connected to socket /tmp/node-mpv.sock
Connected to socket /tmp/node-mpv.sock
Connected to socket /tmp/node-mpv.sock
Connected to socket /tmp/node-mpv.sock
Connected to socket /tmp/node-mpv.sock
Connected to socket /tmp/node-mpv.sock
Connected to socket /tmp/node-mpv.sock
Connected to socket /tmp/node-mpv.sock
Connected to socket /tmp/node-mpv.sock
Connected to socket /tmp/node-mpv.sock
Connected to socket /tmp/node-mpv.sock
Connected to socket /tmp/node-mpv.sock
Connected to socket /tmp/node-mpv.sock
Connected to socket /tmp/node-mpv.sock
Connected to socket /tmp/node-mpv.sock
Connected to socket /tmp/node-mpv.sock
Connected to socket /tmp/node-mpv.sock
Connected to socket /tmp/node-mpv.sock
Connected to socket /tmp/node-mpv.sock
Connected to socket /tmp/node-mpv.sock
Connected to socket /tmp/node-mpv.sock
Connected to socket /tmp/node-mpv.sock
Connected to socket /tmp/node-mpv.sock
Connected to socket /tmp/node-mpv.sock
Connected to socket /tmp/node-mpv.sock
Connected to socket /tmp/node-mpv.sock
Connected to socket /tmp/node-mpv.sock
Connected to socket /tmp/node-mpv.sock
Connected to socket /tmp/node-mpv.sock
Connected to socket /tmp/node-mpv.sock
Connected to socket /tmp/node-mpv.sock
Connected to socket /tmp/node-mpv.sock
Connected to socket /tmp/node-mpv.sock
Connected to socket /tmp/node-mpv.sock
Connected to socket /tmp/node-mpv.sock
Connected to socket /tmp/node-mpv.sock
Connected to socket /tmp/node-mpv.sock
Connected to socket /tmp/node-mpv.sock
Connected to socket /tmp/node-mpv.sock
Connected to socket /tmp/node-mpv.sock
Connected to socket /tmp/node-mpv.sock
Connected to socket /tmp/node-mpv.sock
Connected to socket /tmp/node-mpv.sock
Connected to socket /tmp/node-mpv.sock
Connected to socket /tmp/node-mpv.sock
Connected to socket /tmp/node-mpv.sock
Connected to socket /tmp/node-mpv.sock
Connected to socket /tmp/node-mpv.sock
Connected to socket /tmp/node-mpv.sock
Connected to socket /tmp/node-mpv.sock
Connected to socket /tmp/node-mpv.sock
Connected to socket /tmp/node-mpv.sock
Connected to socket /tmp/node-mpv.sock
Connected to socket /tmp/node-mpv.sock
Connected to socket /tmp/node-mpv.sock
Connected to socket /tmp/node-mpv.sock
Connected to socket /tmp/node-mpv.sock
Connected to socket /tmp/node-mpv.sock
Connected to socket /tmp/node-mpv.sock
Connected to socket /tmp/node-mpv.sock
Connected to socket /tmp/node-mpv.sock
Connected to socket /tmp/node-mpv.sock
Connected to socket /tmp/node-mpv.sock
Connected to socket /tmp/node-mpv.sock
Connected to socket /tmp/node-mpv.sock
Connected to socket /tmp/node-mpv.sock
Connected to socket /tmp/node-mpv.sock
Connected to socket /tmp/node-mpv.sock
Connected to socket /tmp/node-mpv.sock
Connected to socket /tmp/node-mpv.sock
Connected to socket /tmp/node-mpv.sock
Connected to socket /tmp/node-mpv.sock
Connected to socket /tmp/node-mpv.sock
Connected to socket /tmp/node-mpv.sock
Connected to socket /tmp/node-mpv.sock
Connected to socket /tmp/node-mpv.sock
Connected to socket /tmp/node-mpv.sock
Connected to socket /tmp/node-mpv.sock
Connected to socket /tmp/node-mpv.sock
Connected to socket /tmp/node-mpv.sock
Connected to socket /tmp/node-mpv.sock
Connected to socket /tmp/node-mpv.sock
Connected to socket /tmp/node-mpv.sock
Connected to socket /tmp/node-mpv.sock
Connected to socket /tmp/node-mpv.sock
Connected to socket /tmp/node-mpv.sock
Connected to socket /tmp/node-mpv.sock
Connected to socket /tmp/node-mpv.sock
Connected to socket /tmp/node-mpv.sock
Connected to socket /tmp/node-mpv.sock
Connected to socket /tmp/node-mpv.sock
Connected to socket /tmp/node-mpv.sock
Connected to socket /tmp/node-mpv.sock
Connected to socket /tmp/node-mpv.sock
Connected to socket /tmp/node-mpv.sock
Connected to socket /tmp/node-mpv.sock
Connected to socket /tmp/node-mpv.sock
Connected to socket /tmp/node-mpv.sock
Connected to socket /tmp/node-mpv.sock
Connected to socket /tmp/node-mpv.sock
Connected to socket /tmp/node-mpv.sock
Connected to socket /tmp/node-mpv.sock
Connected to socket /tmp/node-mpv.sock
Connected to socket /tmp/node-mpv.sock
Connected to socket /tmp/node-mpv.sock
Connected to socket /tmp/node-mpv.sock
Connected to socket /tmp/node-mpv.sock
Connected to socket /tmp/node-mpv.sock
Connected to socket /tmp/node-mpv.sock
Connected to socket /tmp/node-mpv.sock
Connected to socket /tmp/node-mpv.sock
Connected to socket /tmp/node-mpv.sock
Connected to socket /tmp/node-mpv.sock
Connected to socket /tmp/node-mpv.sock
Connected to socket /tmp/node-mpv.sock
Connected to socket /tmp/node-mpv.sock
Connected to socket /tmp/node-mpv.sock
Connected to socket /tmp/node-mpv.sock
Connected to socket /tmp/node-mpv.sock
Connected to socket /tmp/node-mpv.sock
Connected to socket /tmp/node-mpv.sock
Connected to socket /tmp/node-mpv.sock
Connected to socket /tmp/node-mpv.sock
Connected to socket /tmp/node-mpv.sock
Connected to socket /tmp/node-mpv.sock
Connected to socket /tmp/node-mpv.sock
Connected to socket /tmp/node-mpv.sock
Connected to socket /tmp/node-mpv.sock
Connected to socket /tmp/node-mpv.sock
Connected to socket /tmp/node-mpv.sock
Connected to socket /tmp/node-mpv.sock
Connected to socket /tmp/node-mpv.sock
Connected to socket /tmp/node-mpv.sock
Connected to socket /tmp/node-mpv.sock
Connected to socket /tmp/node-mpv.sock
Connected to socket /tmp/node-mpv.sock
Connected to socket /tmp/node-mpv.sock
Connected to socket /tmp/node-mpv.sock
Connected to socket /tmp/node-mpv.sock
Connected to socket /tmp/node-mpv.sock
Connected to socket /tmp/node-mpv.sock
Connected to socket /tmp/node-mpv.sock
Connected to socket /tmp/node-mpv.sock
Connected to socket /tmp/node-mpv.sock
Connected to socket /tmp/node-mpv.sock
Connected to socket /tmp/node-mpv.sock
Connected to socket /tmp/node-mpv.sock
Connected to socket /tmp/node-mpv.sock
Connected to socket /tmp/node-mpv.sock
Connected to socket /tmp/node-mpv.sock
Connected to socket /tmp/node-mpv.sock
Connected to socket /tmp/node-mpv.sock
Connected to socket /tmp/node-mpv.sock
Connected to socket /tmp/node-mpv.sock
Connected to socket /tmp/node-mpv.sock
Connected to socket /tmp/node-mpv.sock
Connected to socket /tmp/node-mpv.sock
Connected to socket /tmp/node-mpv.sock
Connected to socket /tmp/node-mpv.sock
Connected to socket /tmp/node-mpv.sock
Connected to socket /tmp/node-mpv.sock
Connected to socket /tmp/node-mpv.sock
Connected to socket /tmp/node-mpv.sock
Connected to socket /tmp/node-mpv.sock
Connected to socket /tmp/node-mpv.sock
Connected to socket /tmp/node-mpv.sock
Connected to socket /tmp/node-mpv.sock
Connected to socket /tmp/node-mpv.sock
Connected to socket /tmp/node-mpv.sock
Connected to socket /tmp/node-mpv.sock
Connected to socket /tmp/node-mpv.sock
Connected to socket /tmp/node-mpv.sock
Connected to socket /tmp/node-mpv.sock
Connected to socket /tmp/node-mpv.sock
Connected to socket /tmp/node-mpv.sock
Connected to socket /tmp/node-mpv.sock
Connected to socket /tmp/node-mpv.sock
Connected to socket /tmp/node-mpv.sock
Connected to socket /tmp/node-mpv.sock
Connected to socket /tmp/node-mpv.sock
Connected to socket /tmp/node-mpv.sock
Connected to socket /tmp/node-mpv.sock
Connected to socket /tmp/node-mpv.sock
Connected to socket /tmp/node-mpv.sock
Connected to socket /tmp/node-mpv.sock
Connected to socket /tmp/node-mpv.sock
Connected to socket /tmp/node-mpv.sock
Connected to socket /tmp/node-mpv.sock
Connected to socket /tmp/node-mpv.sock
Connected to socket /tmp/node-mpv.sock
Connected to socket /tmp/node-mpv.sock
Connected to socket /tmp/node-mpv.sock
Connected to socket /tmp/node-mpv.sock
Connected to socket /tmp/node-mpv.sock
Connected to socket /tmp/node-mpv.sock
Connected to socket /tmp/node-mpv.sock
Connected to socket /tmp/node-mpv.sock
Connected to socket /tmp/node-mpv.sock
Connected to socket /tmp/node-mpv.sock
Connected to socket /tmp/node-mpv.sock
Connected to socket /tmp/node-mpv.sock
Connected to socket /tmp/node-mpv.sock
Connected to socket /tmp/node-mpv.sock
Connected to socket /tmp/node-mpv.sock
Connected to socket /tmp/node-mpv.sock
Connected to socket /tmp/node-mpv.sock
Connected to socket /tmp/node-mpv.sock
Connected to socket /tmp/node-mpv.sock
Connected to socket /tmp/node-mpv.sock
Connected to socket /tmp/node-mpv.sock
Connected to socket /tmp/node-mpv.sock
Connected to socket /tmp/node-mpv.sock
Connected to socket /tmp/node-mpv.sock
Connected to socket /tmp/node-mpv.sock
Connected to socket /tmp/node-mpv.sock
Connected to socket /tmp/node-mpv.sock
Connected to socket /tmp/node-mpv.sock
Connected to socket /tmp/node-mpv.sock
Connected to socket /tmp/node-mpv.sock
Connected to socket /tmp/node-mpv.sock
Connected to socket /tmp/node-mpv.sock
Connected to socket /tmp/node-mpv.sock
Connected to socket /tmp/node-mpv.sock
Connected to socket /tmp/node-mpv.sock
Connected to socket /tmp/node-mpv.sock
Connected to socket /tmp/node-mpv.sock
Connected to socket /tmp/node-mpv.sock
Connected to socket /tmp/node-mpv.sock
Connected to socket /tmp/node-mpv.sock
Connected to socket /tmp/node-mpv.sock
Connected to socket /tmp/node-mpv.sock
Connected to socket /tmp/node-mpv.sock
Connected to socket /tmp/node-mpv.sock
Connected to socket /tmp/node-mpv.sock
Connected to socket /tmp/node-mpv.sock
Connected to socket /tmp/node-mpv.sock
Connected to socket /tmp/node-mpv.sock
Connected to socket /tmp/node-mpv.sock
Connected to socket /tmp/node-mpv.sock
Connected to socket /tmp/node-mpv.sock
Connected to socket /tmp/node-mpv.sock
Connected to socket /tmp/node-mpv.sock
Connected to socket /tmp/node-mpv.sock
Connected to socket /tmp/node-mpv.sock
Connected to socket /tmp/node-mpv.sock
Connected to socket /tmp/node-mpv.sock
Connected to socket /tmp/node-mpv.sock
Connected to socket /tmp/node-mpv.sock
Connected to socket /tmp/node-mpv.sock
Connected to socket /tmp/node-mpv.sock
Connected to socket /tmp/node-mpv.sock
Connected to socket /tmp/node-mpv.sock
Connected to socket /tmp/node-mpv.sock
Connected to socket /tmp/node-mpv.sock
Connected to socket /tmp/node-mpv.sock
Connected to socket /tmp/node-mpv.sock
Connected to socket /tmp/node-mpv.sock
Connected to socket /tmp/node-mpv.sock
Connected to socket /tmp/node-mpv.sock
Connected to socket /tmp/node-mpv.sock
Connected to socket /tmp/node-mpv.sock
Connected to socket /tmp/node-mpv.sock
Connected to socket /tmp/node-mpv.sock
Connected to socket /tmp/node-mpv.sock
Connected to socket /tmp/node-mpv.sock
Connected to socket /tmp/node-mpv.sock
Connected to socket /tmp/node-mpv.sock
Connected to socket /tmp/node-mpv.sock
Connected to socket /tmp/node-mpv.sock
Connected to socket /tmp/node-mpv.sock
Connected to socket /tmp/node-mpv.sock
Connected to socket /tmp/node-mpv.sock
Connected to socket /tmp/node-mpv.sock
Connected to socket /tmp/node-mpv.sock
Connected to socket /tmp/node-mpv.sock
Connected to socket /tmp/node-mpv.sock
Connected to socket /tmp/node-mpv.sock
Connected to socket /tmp/node-mpv.sock
Connected to socket /tmp/node-mpv.sock
Connected to socket /tmp/node-mpv.sock
Connected to socket /tmp/node-mpv.sock
Connected to socket /tmp/node-mpv.sock
Connected to socket /tmp/node-mpv.sock
Connected to socket /tmp/node-mpv.sock
Connected to socket /tmp/node-mpv.sock
Connected to socket /tmp/node-mpv.sock
Connected to socket /tmp/node-mpv.sock
Connected to socket /tmp/node-mpv.sock
Connected to socket /tmp/node-mpv.sock
Connected to socket /tmp/node-mpv.sock
Connected to socket /tmp/node-mpv.sock
Connected to socket /tmp/node-mpv.sock
Connected to socket /tmp/node-mpv.sock
Connected to socket /tmp/node-mpv.sock
Connected to socket /tmp/node-mpv.sock
Connected to socket /tmp/node-mpv.sock
Connected to socket /tmp/node-mpv.sock
Connected to socket /tmp/node-mpv.sock
Connected to socket /tmp/node-mpv.sock
Connected to socket /tmp/node-mpv.sock
Connected to socket /tmp/node-mpv.sock
Connected to socket /tmp/node-mpv.sock
Connected to socket /tmp/node-mpv.sock
Connected to socket /tmp/node-mpv.sock
Connected to socket /tmp/node-mpv.sock
Connected to socket /tmp/node-mpv.sock
Connected to socket /tmp/node-mpv.sock
Connected to socket /tmp/node-mpv.sock
Connected to socket /tmp/node-mpv.sock
Connected to socket /tmp/node-mpv.sock
Connected to socket /tmp/node-mpv.sock
Connected to socket /tmp/node-mpv.sock
Connected to socket /tmp/node-mpv.sock
Connected to socket /tmp/node-mpv.sock
Connected to socket /tmp/node-mpv.sock
Connected to socket /tmp/node-mpv.sock
Connected to socket /tmp/node-mpv.sock
Connected to socket /tmp/node-mpv.sock
Connected to socket /tmp/node-mpv.sock
Connected to socket /tmp/node-mpv.sock
Connected to socket /tmp/node-mpv.sock
Connected to socket /tmp/node-mpv.sock
Connected to socket /tmp/node-mpv.sock
Connected to socket /tmp/node-mpv.sock
Connected to socket /tmp/node-mpv.sock
Connected to socket /tmp/node-mpv.sock
Connected to socket /tmp/node-mpv.sock
Connected to socket /tmp/node-mpv.sock
Connected to socket /tmp/node-mpv.sock
Connected to socket /tmp/node-mpv.sock
Connected to socket /tmp/node-mpv.sock
Connected to socket /tmp/node-mpv.sock
Connected to socket /tmp/node-mpv.sock
Connected to socket /tmp/node-mpv.sock
Connected to socket /tmp/node-mpv.sock
Connected to socket /tmp/node-mpv.sock
Connected to socket /tmp/node-mpv.sock
Connected to socket /tmp/node-mpv.sock
Connected to socket /tmp/node-mpv.sock
Connected to socket /tmp/node-mpv.sock
Connected to socket /tmp/node-mpv.sock
Connected to socket /tmp/node-mpv.sock
Connected to socket /tmp/node-mpv.sock
Connected to socket /tmp/node-mpv.sock
Connected to socket /tmp/node-mpv.sock
Connected to socket /tmp/node-mpv.sock
Connected to socket /tmp/node-mpv.sock
Connected to socket /tmp/node-mpv.sock
Connected to socket /tmp/node-mpv.sock
Connected to socket /tmp/node-mpv.sock
Connected to socket /tmp/node-mpv.sock
Connected to socket /tmp/node-mpv.sock
Connected to socket /tmp/node-mpv.sock
Connected to socket /tmp/node-mpv.sock
Connected to socket /tmp/node-mpv.sock
Connected to socket /tmp/node-mpv.sock
Connected to socket /tmp/node-mpv.sock
Connected to socket /tmp/node-mpv.sock
Connected to socket /tmp/node-mpv.sock
Connected to socket /tmp/node-mpv.sock
Connected to socket /tmp/node-mpv.sock
Connected to socket /tmp/node-mpv.sock
Connected to socket /tmp/node-mpv.sock
Connected to socket /tmp/node-mpv.sock
Connected to socket /tmp/node-mpv.sock
Connected to socket /tmp/node-mpv.sock
Connected to socket /tmp/node-mpv.sock
Connected to socket /tmp/node-mpv.sock
Connected to socket /tmp/node-mpv.sock
Connected to socket /tmp/node-mpv.sock
Connected to socket /tmp/node-mpv.sock
Connected to socket /tmp/node-mpv.sock
Connected to socket /tmp/node-mpv.sock
Connected to socket /tmp/node-mpv.sock
Connected to socket /tmp/node-mpv.sock
Connected to socket /tmp/node-mpv.sock
Connected to socket /tmp/node-mpv.sock
Connected to socket /tmp/node-mpv.sock
Connected to socket /tmp/node-mpv.sock
Connected to socket /tmp/node-mpv.sock
Connected to socket /tmp/node-mpv.sock
Connected to socket /tmp/node-mpv.sock
Connected to socket /tmp/node-mpv.sock
Connected to socket /tmp/node-mpv.sock
Connected to socket /tmp/node-mpv.sock
Connected to socket /tmp/node-mpv.sock
Connected to socket /tmp/node-mpv.sock
Connected to socket /tmp/node-mpv.sock
Connected to socket /tmp/node-mpv.sock
Connected to socket /tmp/node-mpv.sock
Connected to socket /tmp/node-mpv.sock
Connected to socket /tmp/node-mpv.sock
Connected to socket /tmp/node-mpv.sock
Connected to socket /tmp/node-mpv.sock
Connected to socket /tmp/node-mpv.sock
Connected to socket /tmp/node-mpv.sock
Connected to socket /tmp/node-mpv.sock
Connected to socket /tmp/node-mpv.sock
Connected to socket /tmp/node-mpv.sock
Connected to socket /tmp/node-mpv.sock
Connected to socket /tmp/node-mpv.sock
Connected to socket /tmp/node-mpv.sock
Connected to socket /tmp/node-mpv.sock
Connected to socket /tmp/node-mpv.sock
Connected to socket /tmp/node-mpv.sock
Connected to socket /tmp/node-mpv.sock
Connected to socket /tmp/node-mpv.sock
Connected to socket /tmp/node-mpv.sock
Connected to socket /tmp/node-mpv.sock
Connected to socket /tmp/node-mpv.sock
Connected to socket /tmp/node-mpv.sock
Connected to socket /tmp/node-mpv.sock
Connected to socket /tmp/node-mpv.sock
Connected to socket /tmp/node-mpv.sock
Connected to socket /tmp/node-mpv.sock
Connected to socket /tmp/node-mpv.sock
Connected to socket /tmp/node-mpv.sock
Connected to socket /tmp/node-mpv.sock
Connected to socket /tmp/node-mpv.sock
Connected to socket /tmp/node-mpv.sock
Connected to socket /tmp/node-mpv.sock
Connected to socket /tmp/node-mpv.sock
Connected to socket /tmp/node-mpv.sock
Connected to socket /tmp/node-mpv.sock
Connected to socket /tmp/node-mpv.sock
Connected to socket /tmp/node-mpv.sock
Connected to socket /tmp/node-mpv.sock
Connected to socket /tmp/node-mpv.sock
Connected to socket /tmp/node-mpv.sock
Connected to socket /tmp/node-mpv.sock
Connected to socket /tmp/node-mpv.sock
Connected to socket /tmp/node-mpv.sock
Connected to socket /tmp/node-mpv.sock
Connected to socket /tmp/node-mpv.sock
Connected to socket /tmp/node-mpv.sock
Connected to socket /tmp/node-mpv.sock
Connected to socket /tmp/node-mpv.sock
Connected to socket /tmp/node-mpv.sock
Connected to socket /tmp/node-mpv.sock
Connected to socket /tmp/node-mpv.sock
Connected to socket /tmp/node-mpv.sock
Connected to socket /tmp/node-mpv.sock
Connected to socket /tmp/node-mpv.sock
Connected to socket /tmp/node-mpv.sock
Connected to socket /tmp/node-mpv.sock
Connected to socket /tmp/node-mpv.sock
Connected to socket /tmp/node-mpv.sock
Connected to socket /tmp/node-mpv.sock
Connected to socket /tmp/node-mpv.sock
Connected to socket /tmp/node-mpv.sock
Connected to socket /tmp/node-mpv.sock
Connected to socket /tmp/node-mpv.sock
Connected to socket /tmp/node-mpv.sock
Connected to socket /tmp/node-mpv.sock
Connected to socket /tmp/node-mpv.sock
Connected to socket /tmp/node-mpv.sock
Connected to socket /tmp/node-mpv.sock
Connected to socket /tmp/node-mpv.sock
Connected to socket /tmp/node-mpv.sock
Connected to socket /tmp/node-mpv.sock
Connected to socket /tmp/node-mpv.sock
Connected to socket /tmp/node-mpv.sock
Connected to socket /tmp/node-mpv.sock
Connected to socket /tmp/node-mpv.sock
Connected to socket /tmp/node-mpv.sock
Connected to socket /tmp/node-mpv.sock
Connected to socket /tmp/node-mpv.sock
Connected to socket /tmp/node-mpv.sock
Connected to socket /tmp/node-mpv.sock
Connected to socket /tmp/node-mpv.sock
Connected to socket /tmp/node-mpv.sock
Connected to socket /tmp/node-mpv.sock
Connected to socket /tmp/node-mpv.sock
Connected to socket /tmp/node-mpv.sock
Connected to socket /tmp/node-mpv.sock
Connected to socket /tmp/node-mpv.sock
Connected to socket /tmp/node-mpv.sock
Connected to socket /tmp/node-mpv.sock
Connected to socket /tmp/node-mpv.sock
Connected to socket /tmp/node-mpv.sock
Connected to socket /tmp/node-mpv.sock
Connected to socket /tmp/node-mpv.sock
Connected to socket /tmp/node-mpv.sock
Connected to socket /tmp/node-mpv.sock
Connected to socket /tmp/node-mpv.sock
Connected to socket /tmp/node-mpv.sock
Connected to socket /tmp/node-mpv.sock
Connected to socket /tmp/node-mpv.sock
Connected to socket /tmp/node-mpv.sock
Connected to socket /tmp/node-mpv.sock
Connected to socket /tmp/node-mpv.sock
Connected to socket /tmp/node-mpv.sock
Connected to socket /tmp/node-mpv.sock
Connected to socket /tmp/node-mpv.sock
Connected to socket /tmp/node-mpv.sock
Connected to socket /tmp/node-mpv.sock
Connected to socket /tmp/node-mpv.sock
Connected to socket /tmp/node-mpv.sock
Connected to socket /tmp/node-mpv.sock
Connected to socket /tmp/node-mpv.sock
Connected to socket /tmp/node-mpv.sock
Connected to socket /tmp/node-mpv.sock
Connected to socket /tmp/node-mpv.sock
Connected to socket /tmp/node-mpv.sock
Connected to socket /tmp/node-mpv.sock
Connected to socket /tmp/node-mpv.sock
Connected to socket /tmp/node-mpv.sock
Connected to socket /tmp/node-mpv.sock
Connected to socket /tmp/node-mpv.sock
Connected to socket /tmp/node-mpv.sock
Connected to socket /tmp/node-mpv.sock
Connected to socket /tmp/node-mpv.sock
Connected to socket /tmp/node-mpv.sock
Connected to socket /tmp/node-mpv.sock
Connected to socket /tmp/node-mpv.sock
Connected to socket /tmp/node-mpv.sock
Connected to socket /tmp/node-mpv.sock
Connected to socket /tmp/node-mpv.sock
Connected to socket /tmp/node-mpv.sock
Connected to socket /tmp/node-mpv.sock
Connected to socket /tmp/node-mpv.sock
Connected to socket /tmp/node-mpv.sock
Connected to socket /tmp/node-mpv.sock
Connected to socket /tmp/node-mpv.sock
Connected to socket /tmp/node-mpv.sock
Connected to socket /tmp/node-mpv.sock
Connected to socket /tmp/node-mpv.sock
Connected to socket /tmp/node-mpv.sock
Connected to socket /tmp/node-mpv.sock
Connected to socket /tmp/node-mpv.sock
Connected to socket /tmp/node-mpv.sock
Connected to socket /tmp/node-mpv.sock
Connected to socket /tmp/node-mpv.sock
Connected to socket /tmp/node-mpv.sock
Connected to socket /tmp/node-mpv.sock
Connected to socket /tmp/node-mpv.sock
Connected to socket /tmp/node-mpv.sock
Connected to socket /tmp/node-mpv.sock
Connected to socket /tmp/node-mpv.sock
Connected to socket /tmp/node-mpv.sock
Connected to socket /tmp/node-mpv.sock
Connected to socket /tmp/node-mpv.sock
Connected to socket /tmp/node-mpv.sock
Connected to socket /tmp/node-mpv.sock
Connected to socket /tmp/node-mpv.sock
Connected to socket /tmp/node-mpv.sock
Connected to socket /tmp/node-mpv.sock
Connected to socket /tmp/node-mpv.sock
Connected to socket /tmp/node-mpv.sock
Connected to socket /tmp/node-mpv.sock
Connected to socket /tmp/node-mpv.sock
Connected to socket /tmp/node-mpv.sock
Connected to socket /tmp/node-mpv.sock
Connected to socket /tmp/node-mpv.sock
Connected to socket /tmp/node-mpv.sock
Connected to socket /tmp/node-mpv.sock
Connected to socket /tmp/node-mpv.sock
Connected to socket /tmp/node-mpv.sock
Connected to socket /tmp/node-mpv.sock
Connected to socket /tmp/node-mpv.sock
Connected to socket /tmp/node-mpv.sock
Connected to socket /tmp/node-mpv.sock
Connected to socket /tmp/node-mpv.sock
Connected to socket /tmp/node-mpv.sock
Connected to socket /tmp/node-mpv.sock
Connected to socket /tmp/node-mpv.sock
Connected to socket /tmp/node-mpv.sock
Connected to socket /tmp/node-mpv.sock
Connected to socket /tmp/node-mpv.sock
Connected to socket /tmp/node-mpv.sock
Connected to socket /tmp/node-mpv.sock
Connected to socket /tmp/node-mpv.sock
Connected to socket /tmp/node-mpv.sock
Connected to socket /tmp/node-mpv.sock
Connected to socket /tmp/node-mpv.sock
Connected to socket /tmp/node-mpv.sock
Connected to socket /tmp/node-mpv.sock
Connected to socket /tmp/node-mpv.sock
Connected to socket /tmp/node-mpv.sock
Connected to socket /tmp/node-mpv.sock
Connected to socket /tmp/node-mpv.sock
Connected to socket /tmp/node-mpv.sock
Connected to socket /tmp/node-mpv.sock
Connected to socket /tmp/node-mpv.sock
Connected to socket /tmp/node-mpv.sock
Connected to socket /tmp/node-mpv.sock
Connected to socket /tmp/node-mpv.sock
Connected to socket /tmp/node-mpv.sock
Connected to socket /tmp/node-mpv.sock
Connected to socket /tmp/node-mpv.sock
Connected to socket /tmp/node-mpv.sock
Connected to socket /tmp/node-mpv.sock
Connected to socket /tmp/node-mpv.sock
Connected to socket /tmp/node-mpv.sock
Connected to socket /tmp/node-mpv.sock
Connected to socket /tmp/node-mpv.sock
Connected to socket /tmp/node-mpv.sock
Connected to socket /tmp/node-mpv.sock
Connected to socket /tmp/node-mpv.sock
Connected to socket /tmp/node-mpv.sock
Connected to socket /tmp/node-mpv.sock
Connected to socket /tmp/node-mpv.sock
Connected to socket /tmp/node-mpv.sock
Connected to socket /tmp/node-mpv.sock
Connected to socket /tmp/node-mpv.sock
Connected to socket /tmp/node-mpv.sock
Connected to socket /tmp/node-mpv.sock
Connected to socket /tmp/node-mpv.sock
Connected to socket /tmp/node-mpv.sock
Connected to socket /tmp/node-mpv.sock
Connected to socket /tmp/node-mpv.sock
Connected to socket /tmp/node-mpv.sock
Connected to socket /tmp/node-mpv.sock
Connected to socket /tmp/node-mpv.sock
Connected to socket /tmp/node-mpv.sock
Connected to socket /tmp/node-mpv.sock
Connected to socket /tmp/node-mpv.sock
Connected to socket /tmp/node-mpv.sock
Connected to socket /tmp/node-mpv.sock
Connected to socket /tmp/node-mpv.sock
Connected to socket /tmp/node-mpv.sock
Connected to socket /tmp/node-mpv.sock
Connected to socket /tmp/node-mpv.sock
Connected to socket /tmp/node-mpv.sock
Connected to socket /tmp/node-mpv.sock
Connected to socket /tmp/node-mpv.sock
Connected to socket /tmp/node-mpv.sock
Connected to socket /tmp/node-mpv.sock
Connected to socket /tmp/node-mpv.sock
Connected to socket /tmp/node-mpv.sock
Connected to socket /tmp/node-mpv.sock
Connected to socket /tmp/node-mpv.sock
Connected to socket /tmp/node-mpv.sock
Connected to socket /tmp/node-mpv.sock
Connected to socket /tmp/node-mpv.sock
Connected to socket /tmp/node-mpv.sock
Connected to socket /tmp/node-mpv.sock
Connected to socket /tmp/node-mpv.sock
Connected to socket /tmp/node-mpv.sock
Connected to socket /tmp/node-mpv.sock
Connected to socket /tmp/node-mpv.sock
Connected to socket /tmp/node-mpv.sock
Connected to socket /tmp/node-mpv.sock
Connected to socket /tmp/node-mpv.sock
Connected to socket /tmp/node-mpv.sock
Connected to socket /tmp/node-mpv.sock
Connected to socket /tmp/node-mpv.sock
Connected to socket /tmp/node-mpv.sock
Connected to socket /tmp/node-mpv.sock
Connected to socket /tmp/node-mpv.sock
Connected to socket /tmp/node-mpv.sock
Connected to socket /tmp/node-mpv.sock
Connected to socket /tmp/node-mpv.sock
Connected to socket /tmp/node-mpv.sock
Connected to socket /tmp/node-mpv.sock
Connected to socket /tmp/node-mpv.sock
Connected to socket /tmp/node-mpv.sock
Connected to socket /tmp/node-mpv.sock
Connected to socket /tmp/node-mpv.sock
Connected to socket /tmp/node-mpv.sock
Connected to socket /tmp/node-mpv.sock
Connected to socket /tmp/node-mpv.sock
Connected to socket /tmp/node-mpv.sock
Connected to socket /tmp/node-mpv.sock
Connected to socket /tmp/node-mpv.sock
Connected to socket /tmp/node-mpv.sock
Connected to socket /tmp/node-mpv.sock
Connected to socket /tmp/node-mpv.sock
Connected to socket /tmp/node-mpv.sock
Connected to socket /tmp/node-mpv.sock
Connected to socket /tmp/node-mpv.sock
Connected to socket /tmp/node-mpv.sock
Connected to socket /tmp/node-mpv.sock
Connected to socket /tmp/node-mpv.sock
Connected to socket /tmp/node-mpv.sock
Connected to socket /tmp/node-mpv.sock
Connected to socket /tmp/node-mpv.sock
Connected to socket /tmp/node-mpv.sock
Connected to socket /tmp/node-mpv.sock
Connected to socket /tmp/node-mpv.sock
Connected to socket /tmp/node-mpv.sock
Connected to socket /tmp/node-mpv.sock
Connected to socket /tmp/node-mpv.sock
Connected to socket /tmp/node-mpv.sock
Connected to socket /tmp/node-mpv.sock
Connected to socket /tmp/node-mpv.sock
Connected to socket /tmp/node-mpv.sock
Connected to socket /tmp/node-mpv.sock
Connected to socket /tmp/node-mpv.sock
Connected to socket /tmp/node-mpv.sock
Connected to socket /tmp/node-mpv.sock
Connected to socket /tmp/node-mpv.sock
Connected to socket /tmp/node-mpv.sock
Connected to socket /tmp/node-mpv.sock
Connected to socket /tmp/node-mpv.sock
Connected to socket /tmp/node-mpv.sock
Connected to socket /tmp/node-mpv.sock
Connected to socket /tmp/node-mpv.sock
Connected to socket /tmp/node-mpv.sock
Connected to socket /tmp/node-mpv.sock
Connected to socket /tmp/node-mpv.sock
Connected to socket /tmp/node-mpv.sock
Connected to socket /tmp/node-mpv.sock
Connected to socket /tmp/node-mpv.sock
Connected to socket /tmp/node-mpv.sock
Connected to socket /tmp/node-mpv.sock
Connected to socket /tmp/node-mpv.sock
Connected to socket /tmp/node-mpv.sock
Connected to socket /tmp/node-mpv.sock
Connected to socket /tmp/node-mpv.sock
Connected to socket /tmp/node-mpv.sock
Connected to socket /tmp/node-mpv.sock
Connected to socket /tmp/node-mpv.sock
Connected to socket /tmp/node-mpv.sock
Connected to socket /tmp/node-mpv.sock
Connected to socket /tmp/node-mpv.sock
Connected to socket /tmp/node-mpv.sock
Connected to socket /tmp/node-mpv.sock
Connected to socket /tmp/node-mpv.sock
Connected to socket /tmp/node-mpv.sock
Connected to socket /tmp/node-mpv.sock
Connected to socket /tmp/node-mpv.sock
Connected to socket /tmp/node-mpv.sock
Connected to socket /tmp/node-mpv.sock
Connected to socket /tmp/node-mpv.sock
Connected to socket /tmp/node-mpv.sock
Connected to socket /tmp/node-mpv.sock
Connected to socket /tmp/node-mpv.sock
Connected to socket /tmp/node-mpv.sock
Connected to socket /tmp/node-mpv.sock
Connected to socket /tmp/node-mpv.sock
Connected to socket /tmp/node-mpv.sock
Connected to socket /tmp/node-mpv.sock
Connected to socket /tmp/node-mpv.sock
Connected to socket /tmp/node-mpv.sock
Connected to socket /tmp/node-mpv.sock
Connected to socket /tmp/node-mpv.sock
Connected to socket /tmp/node-mpv.sock
Connected to socket /tmp/node-mpv.sock
Connected to socket /tmp/node-mpv.sock
Connected to socket /tmp/node-mpv.sock
Connected to socket /tmp/node-mpv.sock
Connected to socket /tmp/node-mpv.sock
Connected to socket /tmp/node-mpv.sock
Connected to socket /tmp/node-mpv.sock
Connected to socket /tmp/node-mpv.sock
Connected to socket /tmp/node-mpv.sock
Connected to socket /tmp/node-mpv.sock
Connected to socket /tmp/node-mpv.sock
Connected to socket /tmp/node-mpv.sock
Connected to socket /tmp/node-mpv.sock
Connected to socket /tmp/node-mpv.sock
Connected to socket /tmp/node-mpv.sock
Connected to socket /tmp/node-mpv.sock
Connected to socket /tmp/node-mpv.sock
Connected to socket /tmp/node-mpv.sock
Connected to socket /tmp/node-mpv.sock
Connected to socket /tmp/node-mpv.sock
Connected to socket /tmp/node-mpv.sock
Connected to socket /tmp/node-mpv.sock
Connected to socket /tmp/node-mpv.sock
Connected to socket /tmp/node-mpv.sock
Connected to socket /tmp/node-mpv.sock
Connected to socket /tmp/node-mpv.sock
Connected to socket /tmp/node-mpv.sock
Connected to socket /tmp/node-mpv.sock
Connected to socket /tmp/node-mpv.sock
Connected to socket /tmp/node-mpv.sock
Connected to socket /tmp/node-mpv.sock
Connected to socket /tmp/node-mpv.sock
Connected to socket /tmp/node-mpv.sock
Connected to socket /tmp/node-mpv.sock
Connected to socket /tmp/node-mpv.sock
Connected to socket /tmp/node-mpv.sock
Connected to socket /tmp/node-mpv.sock
Connected to socket /tmp/node-mpv.sock
Connected to socket /tmp/node-mpv.sock
Connected to socket /tmp/node-mpv.sock
Connected to socket /tmp/node-mpv.sock
Connected to socket /tmp/node-mpv.sock
Connected to socket /tmp/node-mpv.sock
Connected to socket /tmp/node-mpv.sock
Connected to socket /tmp/node-mpv.sock
Connected to socket /tmp/node-mpv.sock
Connected to socket /tmp/node-mpv.sock
Connected to socket /tmp/node-mpv.sock
Connected to socket /tmp/node-mpv.sock
Connected to socket /tmp/node-mpv.sock
Connected to socket /tmp/node-mpv.sock
Connected to socket /tmp/node-mpv.sock
Connected to socket /tmp/node-mpv.sock
Connected to socket /tmp/node-mpv.sock
Connected to socket /tmp/node-mpv.sock
Connected to socket /tmp/node-mpv.sock
Connected to socket /tmp/node-mpv.sock
Connected to socket /tmp/node-mpv.sock
Connected to socket /tmp/node-mpv.sock
Connected to socket /tmp/node-mpv.sock
Connected to socket /tmp/node-mpv.sock
Connected to socket /tmp/node-mpv.sock
Connected to socket /tmp/node-mpv.sock
Connected to socket /tmp/node-mpv.sock
Connected to socket /tmp/node-mpv.sock
Connected to socket /tmp/node-mpv.sock
Connected to socket /tmp/node-mpv.sock
Connected to socket /tmp/node-mpv.sock
Connected to socket /tmp/node-mpv.sock
Connected to socket /tmp/node-mpv.sock
Connected to socket /tmp/node-mpv.sock
Connected to socket /tmp/node-mpv.sock
Connected to socket /tmp/node-mpv.sock
Connected to socket /tmp/node-mpv.sock
Connected to socket /tmp/node-mpv.sock
Connected to socket /tmp/node-mpv.sock
Connected to socket /tmp/node-mpv.sock
Connected to socket /tmp/node-mpv.sock
Connected to socket /tmp/node-mpv.sock
Connected to socket /tmp/node-mpv.sock
Connected to socket /tmp/node-mpv.sock
Connected to socket /tmp/node-mpv.sock
Connected to socket /tmp/node-mpv.sock
Connected to socket /tmp/node-mpv.sock
Connected to socket /tmp/node-mpv.sock
Connected to socket /tmp/node-mpv.sock
Connected to socket /tmp/node-mpv.sock
Connected to socket /tmp/node-mpv.sock
Connected to socket /tmp/node-mpv.sock
Connected to socket /tmp/node-mpv.sock
Connected to socket /tmp/node-mpv.sock
Connected to socket /tmp/node-mpv.sock
Connected to socket /tmp/node-mpv.sock
Connected to socket /tmp/node-mpv.sock
Connected to socket /tmp/node-mpv.sock
Connected to socket /tmp/node-mpv.sock
Connected to socket /tmp/node-mpv.sock
Connected to socket /tmp/node-mpv.sock
Connected to socket /tmp/node-mpv.sock
Connected to socket /tmp/node-mpv.sock
Connected to socket /tmp/node-mpv.sock
Connected to socket /tmp/node-mpv.sock
Connected to socket /tmp/node-mpv.sock
Connected to socket /tmp/node-mpv.sock
Connected to socket /tmp/node-mpv.sock
Connected to socket /tmp/node-mpv.sock
Connected to socket /tmp/node-mpv.sock
Connected to socket /tmp/node-mpv.sock
Connected to socket /tmp/node-mpv.sock
Connected to socket /tmp/node-mpv.sock
Connected to socket /tmp/node-mpv.sock
Connected to socket /tmp/node-mpv.sock
Connected to socket /tmp/node-mpv.sock
Connected to socket /tmp/node-mpv.sock
Connected to socket /tmp/node-mpv.sock
Connected to socket /tmp/node-mpv.sock
Connected to socket /tmp/node-mpv.sock
Connected to socket /tmp/node-mpv.sock
Connected to socket /tmp/node-mpv.sock
Connected to socket /tmp/node-mpv.sock
Connected to socket /tmp/node-mpv.sock
Connected to socket /tmp/node-mpv.sock
Connected to socket /tmp/node-mpv.sock
Connected to socket /tmp/node-mpv.sock
Connected to socket /tmp/node-mpv.sock
Connected to socket /tmp/node-mpv.sock
Connected to socket /tmp/node-mpv.sock
Connected to socket /tmp/node-mpv.sock
Connected to socket /tmp/node-mpv.sock
Connected to socket /tmp/node-mpv.sock
Connected to socket /tmp/node-mpv.sock
Connected to socket /tmp/node-mpv.sock
Connected to socket /tmp/node-mpv.sock
Connected to socket /tmp/node-mpv.sock
Connected to socket /tmp/node-mpv.sock
Connected to socket /tmp/node-mpv.sock
Connected to socket /tmp/node-mpv.sock
Connected to socket /tmp/node-mpv.sock
Connected to socket /tmp/node-mpv.sock
Connected to socket /tmp/node-mpv.sock
Connected to socket /tmp/node-mpv.sock
Connected to socket /tmp/node-mpv.sock
Connected to socket /tmp/node-mpv.sock
Connected to socket /tmp/node-mpv.sock
Connected to socket /tmp/node-mpv.sock
Connected to socket /tmp/node-mpv.sock
Connected to socket /tmp/node-mpv.sock
Connected to socket /tmp/node-mpv.sock
Connected to socket /tmp/node-mpv.sock
Connected to socket /tmp/node-mpv.sock
Connected to socket /tmp/node-mpv.sock
Connected to socket /tmp/node-mpv.sock
Connected to socket /tmp/node-mpv.sock
Connected to socket /tmp/node-mpv.sock
Connected to socket /tmp/node-mpv.sock
Connected to socket /tmp/node-mpv.sock
Connected to socket /tmp/node-mpv.sock
Connected to socket /tmp/node-mpv.sock
Connected to socket /tmp/node-mpv.sock
Connected to socket /tmp/node-mpv.sock
Connected to socket /tmp/node-mpv.sock
Connected to socket /tmp/node-mpv.sock
Connected to socket /tmp/node-mpv.sock
Connected to socket /tmp/node-mpv.sock
Connected to socket /tmp/node-mpv.sock
Connected to socket /tmp/node-mpv.sock
Connected to socket /tmp/node-mpv.sock
Connected to socket /tmp/node-mpv.sock
Connected to socket /tmp/node-mpv.sock
Connected to socket /tmp/node-mpv.sock
Connected to socket /tmp/node-mpv.sock
Connected to socket /tmp/node-mpv.sock
Connected to socket /tmp/node-mpv.sock
Connected to socket /tmp/node-mpv.sock
Connected to socket /tmp/node-mpv.sock
Connected to socket /tmp/node-mpv.sock
Connected to socket /tmp/node-mpv.sock
Connected to socket /tmp/node-mpv.sock
Connected to socket /tmp/node-mpv.sock
Connected to socket /tmp/node-mpv.sock
Connected to socket /tmp/node-mpv.sock
Connected to socket /tmp/node-mpv.sock
Connected to socket /tmp/node-mpv.sock
Connected to socket /tmp/node-mpv.sock
Connected to socket /tmp/node-mpv.sock
Connected to socket /tmp/node-mpv.sock
Connected to socket /tmp/node-mpv.sock
Connected to socket /tmp/node-mpv.sock
Connected to socket /tmp/node-mpv.sock
Connected to socket /tmp/node-mpv.sock
Connected to socket /tmp/node-mpv.sock
Connected to socket /tmp/node-mpv.sock
Connected to socket /tmp/node-mpv.sock
Connected to socket /tmp/node-mpv.sock
Connected to socket /tmp/node-mpv.sock
Connected to socket /tmp/node-mpv.sock
Connected to socket /tmp/node-mpv.sock
Connected to socket /tmp/node-mpv.sock
Connected to socket /tmp/node-mpv.sock
Connected to socket /tmp/node-mpv.sock
Connected to socket /tmp/node-mpv.sock
Connected to socket /tmp/node-mpv.sock
Connected to socket /tmp/node-mpv.sock
Connected to socket /tmp/node-mpv.sock
Connected to socket /tmp/node-mpv.sock
Connected to socket /tmp/node-mpv.sock
Connected to socket /tmp/node-mpv.sock
Connected to socket /tmp/node-mpv.sock
Connected to socket /tmp/node-mpv.sock
Connected to socket /tmp/node-mpv.sock
Connected to socket /tmp/node-mpv.sock
Connected to socket /tmp/node-mpv.sock
Connected to socket /tmp/node-mpv.sock
Connected to socket /tmp/node-mpv.sock
Connected to socket /tmp/node-mpv.sock
Connected to socket /tmp/node-mpv.sock
Connected to socket /tmp/node-mpv.sock
Connected to socket /tmp/node-mpv.sock
Connected to socket /tmp/node-mpv.sock
Connected to socket /tmp/node-mpv.sock
Connected to socket /tmp/node-mpv.sock
Connected to socket /tmp/node-mpv.sock
Connected to socket /tmp/node-mpv.sock
Connected to socket /tmp/node-mpv.sock
Connected to socket /tmp/node-mpv.sock
Connected to socket /tmp/node-mpv.sock
Connected to socket /tmp/node-mpv.sock
Connected to socket /tmp/node-mpv.sock
Connected to socket /tmp/node-mpv.sock
Connected to socket /tmp/node-mpv.sock
Connected to socket /tmp/node-mpv.sock
Connected to socket /tmp/node-mpv.sock
Connected to socket /tmp/node-mpv.sock
Connected to socket /tmp/node-mpv.sock
Connected to socket /tmp/node-mpv.sock
Connected to socket /tmp/node-mpv.sock
Connected to socket /tmp/node-mpv.sock
Connected to socket /tmp/node-mpv.sock
Connected to socket /tmp/node-mpv.sock
Connected to socket /tmp/node-mpv.sock
Connected to socket /tmp/node-mpv.sock
Connected to socket /tmp/node-mpv.sock
Connected to socket /tmp/node-mpv.sock
Connected to socket /tmp/node-mpv.sock
Connected to socket /tmp/node-mpv.sock
Connected to socket /tmp/node-mpv.sock
Connected to socket /tmp/node-mpv.sock
Connected to socket /tmp/node-mpv.sock
Connected to socket /tmp/node-mpv.sock
Connected to socket /tmp/node-mpv.sock
Connected to socket /tmp/node-mpv.sock
Connected to socket /tmp/node-mpv.sock
Connected to socket /tmp/node-mpv.sock
Connected to socket /tmp/node-mpv.sock
Connected to socket /tmp/node-mpv.sock
Connected to socket /tmp/node-mpv.sock
Connected to socket /tmp/node-mpv.sock
Connected to socket /tmp/node-mpv.sock
Connected to socket /tmp/node-mpv.sock
Connected to socket /tmp/node-mpv.sock
Connected to socket /tmp/node-mpv.sock
Connected to socket /tmp/node-mpv.sock
Connected to socket /tmp/node-mpv.sock
Connected to socket /tmp/node-mpv.sock
Connected to socket /tmp/node-mpv.sock
Connected to socket /tmp/node-mpv.sock
Connected to socket /tmp/node-mpv.sock
Connected to socket /tmp/node-mpv.sock
Connected to socket /tmp/node-mpv.sock
Connected to socket /tmp/node-mpv.sock
Connected to socket /tmp/node-mpv.sock
Connected to socket /tmp/node-mpv.sock
Connected to socket /tmp/node-mpv.sock
Connected to socket /tmp/node-mpv.sock
Connected to socket /tmp/node-mpv.sock
Connected to socket /tmp/node-mpv.sock
Connected to socket /tmp/node-mpv.sock
Connected to socket /tmp/node-mpv.sock
Connected to socket /tmp/node-mpv.sock
Connected to socket /tmp/node-mpv.sock
Connected to socket /tmp/node-mpv.sock
Connected to socket /tmp/node-mpv.sock
Connected to socket /tmp/node-mpv.sock
Connected to socket /tmp/node-mpv.sock
Connected to socket /tmp/node-mpv.sock
Connected to socket /tmp/node-mpv.sock
Connected to socket /tmp/node-mpv.sock
Connected to socket /tmp/node-mpv.sock
Connected to socket /tmp/node-mpv.sock
Connected to socket /tmp/node-mpv.sock
Connected to socket /tmp/node-mpv.sock
Connected to socket /tmp/node-mpv.sock
Connected to socket /tmp/node-mpv.sock
Connected to socket /tmp/node-mpv.sock
Connected to socket /tmp/node-mpv.sock
Connected to socket /tmp/node-mpv.sock
Connected to socket /tmp/node-mpv.sock
Connected to socket /tmp/node-mpv.sock
Connected to socket /tmp/node-mpv.sock
Connected to socket /tmp/node-mpv.sock
Connected to socket /tmp/node-mpv.sock
Connected to socket /tmp/node-mpv.sock
Connected to socket /tmp/node-mpv.sock
Connected to socket /tmp/node-mpv.sock
Connected to socket /tmp/node-mpv.sock
Connected to socket /tmp/node-mpv.sock
Connected to socket /tmp/node-mpv.sock
Connected to socket /tmp/node-mpv.sock
Connected to socket /tmp/node-mpv.sock
Connected to socket /tmp/node-mpv.sock
Connected to socket /tmp/node-mpv.sock
Connected to socket /tmp/node-mpv.sock
Connected to socket /tmp/node-mpv.sock
Connected to socket /tmp/node-mpv.sock
Connected to socket /tmp/node-mpv.sock
Connected to socket /tmp/node-mpv.sock
Connected to socket /tmp/node-mpv.sock
Connected to socket /tmp/node-mpv.sock
Connected to socket /tmp/node-mpv.sock
Connected to socket /tmp/node-mpv.sock
Connected to socket /tmp/node-mpv.sock
Connected to socket /tmp/node-mpv.sock
Connected to socket /tmp/node-mpv.sock
Connected to socket /tmp/node-mpv.sock
Connected to socket /tmp/node-mpv.sock
Connected to socket /tmp/node-mpv.sock
Connected to socket /tmp/node-mpv.sock
Connected to socket /tmp/node-mpv.sock
Connected to socket /tmp/node-mpv.sock
Connected to socket /tmp/node-mpv.sock
Connected to socket /tmp/node-mpv.sock
Connected to socket /tmp/node-mpv.sock
Connected to socket /tmp/node-mpv.sock
Connected to socket /tmp/node-mpv.sock
Connected to socket /tmp/node-mpv.sock
Connected to socket /tmp/node-mpv.sock
Connected to socket /tmp/node-mpv.sock
Connected to socket /tmp/node-mpv.sock
Connected to socket /tmp/node-mpv.sock
Connected to socket /tmp/node-mpv.sock
Connected to socket /tmp/node-mpv.sock
Connected to socket /tmp/node-mpv.sock
Connected to socket /tmp/node-mpv.sock
Connected to socket /tmp/node-mpv.sock
Connected to socket /tmp/node-mpv.sock
Connected to socket /tmp/node-mpv.sock
Connected to socket /tmp/node-mpv.sock
Connected to socket /tmp/node-mpv.sock
Connected to socket /tmp/node-mpv.sock
Connected to socket /tmp/node-mpv.sock
Connected to socket /tmp/node-mpv.sock
Connected to socket /tmp/node-mpv.sock
Connected to socket /tmp/node-mpv.sock
Connected to socket /tmp/node-mpv.sock
Connected to socket /tmp/node-mpv.sock
Connected to socket /tmp/node-mpv.sock
Connected to socket /tmp/node-mpv.sock
Connected to socket /tmp/node-mpv.sock
Connected to socket /tmp/node-mpv.sock
Connected to socket /tmp/node-mpv.sock
Connected to socket /tmp/node-mpv.sock
Connected to socket /tmp/node-mpv.sock
Connected to socket /tmp/node-mpv.sock
Connected to socket /tmp/node-mpv.sock
Connected to socket /tmp/node-mpv.sock
Connected to socket /tmp/node-mpv.sock
Connected to socket /tmp/node-mpv.sock
Connected to socket /tmp/node-mpv.sock
Connected to socket /tmp/node-mpv.sock
Connected to socket /tmp/node-mpv.sock
Connected to socket /tmp/node-mpv.sock
Connected to socket /tmp/node-mpv.sock
Connected to socket /tmp/node-mpv.sock
Connected to socket /tmp/node-mpv.sock
Connected to socket /tmp/node-mpv.sock
Connected to socket /tmp/node-mpv.sock
Connected to socket /tmp/node-mpv.sock
Connected to socket /tmp/node-mpv.sock
Connected to socket /tmp/node-mpv.sock
Connected to socket /tmp/node-mpv.sock
Connected to socket /tmp/node-mpv.sock
Connected to socket /tmp/node-mpv.sock
Get Request: clwlw6jmr0000t9ml6k93uaht - undefined
Get Request: clwlw6kem0001t9mlou4hylae - undefined
Get Request: clwlw6ken0002t9mlhp8sqcbr - undefined
Get Request: clwlw6ken0003t9ml53vmparu - undefined
Get Request: clwlw6keo0004t9mlxew5og6x - undefined
Get Request: clwlw6kep0005t9mldgmbij0d - undefined
Get Request: clwlw6keq0006t9ml3aqrbyr7 - undefined
Get Request: clwlw6keq0007t9mltpyrkcgf - undefined
Get Request: clwlw6ker0008t9mlo7prwymc - undefined
Get Request: clwlw6ker0009t9mljhi1fm90 - undefined
[32m[2024-05-25T18:12:04.569] [INFO] express - [39m::ffff:192.168.0.11 - GET /stream - HTTP/1.1" 200 - "http://192.168.0.30:3000/" "Mozilla/5.0 (Windows NT 10.0; Win64; x64; rv:126.0) Gecko/20100101 Firefox/126.0" [2.616 ms X-Real-IP: ::ffff:192.168.0.11 User: undefined Params: {} Body:{}]
Get Request: clwlw6oaa000at9ml2km8vd1g - undefined
Get Request: clwlw6p25000bt9mlf7n3pz3i - undefined
Get Request: clwlw6p26000ct9ml227h3kbt - undefined
Get Request: clwlw6p27000dt9mluo5x2hh5 - undefined
Get Request: clwlw6p28000et9mlad13c5mu - undefined
Get Request: clwlw6p29000ft9mlp06yhfcy - undefined
Get Request: clwlw6p29000gt9mlc4qfvxql - undefined
Get Request: clwlw6p2a000ht9ml6nu8dbif - undefined
Get Request: clwlw6p2a000it9mlqkhckv16 - undefined
Get Request: clwlw6p2b000jt9ml1jhr1bgb - undefined
[32m[2024-05-25T18:12:10.598] [INFO] express - [39m::ffff:192.168.0.11 - GET /stream - HTTP/1.1" 200 - "http://192.168.0.30:3000/" "Mozilla/5.0 (Windows NT 10.0; Win64; x64; rv:126.0) Gecko/20100101 Firefox/126.0" [2.376 ms X-Real-IP: ::ffff:192.168.0.11 User: undefined Params: {} Body:{}]
Get Request: clwlw6syt000kt9mlzkwxkf0h - undefined
Get Request: clwlw6tqn000lt9ml5uvcl9rr - undefined
Get Request: clwlw6tqo000mt9mlz4nip9px - undefined
Get Request: clwlw6tqo000nt9ml2c20738f - undefined
Get Request: clwlw6tqp000ot9mlxn9i36ci - undefined
Get Request: clwlw6tqq000pt9mla5u586dw - undefined
Get Request: clwlw6tqr000qt9mlolozq6d4 - undefined
Get Request: clwlw6tqr000rt9mle3m9yhqp - undefined
Get Request: clwlw6tqs000st9ml0ojacrl3 - undefined
Get Request: clwlw6tqs000tt9mlr3z3699o - undefined
[32m[2024-05-25T18:12:16.663] [INFO] express - [39m::ffff:192.168.0.11 - GET /stream - HTTP/1.1" 200 - "http://192.168.0.30:3000/" "Mozilla/5.0 (Windows NT 10.0; Win64; x64; rv:126.0) Gecko/20100101 Firefox/126.0" [0.975 ms X-Real-IP: ::ffff:192.168.0.11 User: undefined Params: {} Body:{}]
Get Request: clwlw6xm2000ut9mlrqiir3vy - undefined
Get Request: clwlw6ydx000vt9mlfzxiu4gr - undefined
Get Request: clwlw6ydy000wt9mltmfh2lpq - undefined
Get Request: clwlw6ydy000xt9ml7mmrwxj0 - undefined
Get Request: clwlw6ydz000yt9mlcfwpbq5p - undefined
Get Request: clwlw6ydz000zt9mlw3kj5s5d - undefined
Get Request: clwlw6ye00010t9ml4fea1wqo - undefined
Get Request: clwlw6ye00011t9ml13rvn2gi - undefined
Get Request: clwlw6ye10012t9mlm5k04sqk - undefined
Get Request: clwlw6ye10013t9ml59auhv7x - undefined
[32m[2024-05-25T18:12:22.684] [INFO] express - [39m::ffff:192.168.0.11 - GET /stream - HTTP/1.1" 200 - "http://192.168.0.30:3000/" "Mozilla/5.0 (Windows NT 10.0; Win64; x64; rv:126.0) Gecko/20100101 Firefox/126.0" [2.049 ms X-Real-IP: ::ffff:192.168.0.11 User: undefined Params: {} Body:{}]
Get Request: clwlw72990014t9mlewftpfkw - undefined
Get Request: clwlw73120015t9mlxz0cohj5 - undefined
Get Request: clwlw73130016t9ml6tbaxbhl - undefined
Get Request: clwlw73140017t9mlj5si2df7 - undefined
Get Request: clwlw73150018t9ml6c1aqzro - undefined
Get Request: clwlw73150019t9mlciybnd8l - undefined
Get Request: clwlw7316001at9mlxww03nhg - undefined
Get Request: clwlw7316001bt9mlc4hspk04 - undefined
Get Request: clwlw7317001ct9mlcpmiyr0a - undefined
Get Request: clwlw7317001dt9ml19ergdy0 - undefined
[32m[2024-05-25T18:12:28.701] [INFO] express - [39m::ffff:192.168.0.11 - GET /stream - HTTP/1.1" 200 - "http://192.168.0.30:3000/" "Mozilla/5.0 (Windows NT 10.0; Win64; x64; rv:126.0) Gecko/20100101 Firefox/126.0" [1.422 ms X-Real-IP: ::ffff:192.168.0.11 User: undefined Params: {} Body:{}]
Get Request: clwlw76wg001et9mlj2jayima - undefined
Get Request: clwlw77o9001ft9ml5491i778 - undefined
Get Request: clwlw77oa001gt9mlpq9zo3s1 - undefined
Get Request: clwlw77ob001ht9mlmrhdjtne - undefined
Get Request: clwlw77ob001it9mlr3t7itvx - undefined
Get Request: clwlw77ob001jt9mlehtg7c3w - undefined
Get Request: clwlw77oc001kt9mlur5mhoo8 - undefined
Get Request: clwlw77oc001lt9mld0u1svpt - undefined
Get Request: clwlw77od001mt9mlyqji1rie - undefined
Get Request: clwlw77od001nt9ml5oppqaf3 - undefined
[32m[2024-05-25T18:12:34.719] [INFO] express - [39m::ffff:192.168.0.11 - GET /stream - HTTP/1.1" 200 - "http://192.168.0.30:3000/" "Mozilla/5.0 (Windows NT 10.0; Win64; x64; rv:126.0) Gecko/20100101 Firefox/126.0" [0.955 ms X-Real-IP: ::ffff:192.168.0.11 User: undefined Params: {} Body:{}]
Get Request: clwlw7bjm001ot9ml6b3w8l6j - undefined
Get Request: clwlw7cbe001pt9ml3gg7jr4m - undefined
Get Request: clwlw7cbf001qt9mlkrso1pru - undefined
Get Request: clwlw7cbg001rt9mlr4vawpqg - undefined
Get Request: clwlw7cbg001st9mlg6nu8ha7 - undefined
Get Request: clwlw7cbh001tt9ml5pf0va1o - undefined
Get Request: clwlw7cbi001ut9ml7vf7gy92 - undefined
Get Request: clwlw7cbi001vt9mlly56pcfw - undefined
Get Request: clwlw7cbj001wt9ml4mdn0kgj - undefined
Get Request: clwlw7cbj001xt9ml4midnzhd - undefined
[32m[2024-05-25T18:12:40.737] [INFO] express - [39m::ffff:192.168.0.11 - GET /stream - HTTP/1.1" 200 - "http://192.168.0.30:3000/" "Mozilla/5.0 (Windows NT 10.0; Win64; x64; rv:126.0) Gecko/20100101 Firefox/126.0" [0.972 ms X-Real-IP: ::ffff:192.168.0.11 User: undefined Params: {} Body:{}]
Get Request: clwlw7g6p001yt9mlmgr4gals - undefined
Get Request: clwlw7gyj001zt9mlv7o8ngqj - undefined
Get Request: clwlw7gyk0020t9mlqxh3iw29 - undefined
Get Request: clwlw7gyk0021t9ml6jyn8ags - undefined
Get Request: clwlw7gyl0022t9mluz0ezggd - undefined
Get Request: clwlw7gyl0023t9mlujvcdbge - undefined
Get Request: clwlw7gym0024t9ml7coyktzh - undefined
Get Request: clwlw7gym0025t9mlp3iz30ks - undefined
Get Request: clwlw7gym0026t9mlu9msdfzj - undefined
Get Request: clwlw7gyn0027t9ml7n78kark - undefined
[32m[2024-05-25T18:12:46.753] [INFO] express - [39m::ffff:192.168.0.11 - GET /stream - HTTP/1.1" 200 - "http://192.168.0.30:3000/" "Mozilla/5.0 (Windows NT 10.0; Win64; x64; rv:126.0) Gecko/20100101 Firefox/126.0" [0.912 ms X-Real-IP: ::ffff:192.168.0.11 User: undefined Params: {} Body:{}]
Get Request: clwlw7ktx0028t9ml8qrdwddk - undefined
Get Request: clwlw7llr0029t9mloozxi4kn - undefined
Get Request: clwlw7lls002at9mlhrsl28zc - undefined
Get Request: clwlw7lls002bt9mlaesf8ciq - undefined
Get Request: clwlw7llt002ct9mlfcwv9ag9 - undefined
Get Request: clwlw7llt002dt9mlx6bp3lo7 - undefined
Get Request: clwlw7llu002et9mlzpkagz50 - undefined
Get Request: clwlw7llu002ft9mlan2mp0rb - undefined
Get Request: clwlw7llv002gt9mlujzl0wmk - undefined
Get Request: clwlw7llv002ht9mlhe6wml1t - undefined
[32m[2024-05-25T18:12:52.776] [INFO] express - [39m::ffff:192.168.0.11 - GET /stream - HTTP/1.1" 200 - "http://192.168.0.30:3000/" "Mozilla/5.0 (Windows NT 10.0; Win64; x64; rv:126.0) Gecko/20100101 Firefox/126.0" [1.594 ms X-Real-IP: ::ffff:192.168.0.11 User: undefined Params: {} Body:{}]
Get Request: clwlw7ph8002it9mlnmtz75vy - undefined
Get Request: clwlw7q92002jt9mlhu5m32ly - undefined
Get Request: clwlw7q92002kt9mldzau7qfl - undefined
Get Request: clwlw7q93002lt9ml4c4m1lra - undefined
Get Request: clwlw7q93002mt9mlyrf1y8pc - undefined
Get Request: clwlw7q94002nt9mlzbeoooh1 - undefined
Get Request: clwlw7q94002ot9mll8o70l32 - undefined
Get Request: clwlw7q95002pt9ml2dwsi10s - undefined
Get Request: clwlw7q95002qt9mlt3di85fc - undefined
Get Request: clwlw7q96002rt9mlrowwd1e7 - undefined
[32m[2024-05-25T18:12:58.797] [INFO] express - [39m::ffff:192.168.0.11 - GET /stream - HTTP/1.1" 200 - "http://192.168.0.30:3000/" "Mozilla/5.0 (Windows NT 10.0; Win64; x64; rv:126.0) Gecko/20100101 Firefox/126.0" [1.542 ms X-Real-IP: ::ffff:192.168.0.11 User: undefined Params: {} Body:{}]
Get Request: clwlw7u4d002st9mloeh70l4p - undefined
Get Request: clwlw7uw7002tt9mloolt9864 - undefined
Get Request: clwlw7uw8002ut9mlf27vya64 - undefined
Get Request: clwlw7uw8002vt9mlz9lay6uk - undefined
Get Request: clwlw7uw9002wt9mlesbpnxi7 - undefined
Get Request: clwlw7uw9002xt9mlpqt21q0r - undefined
Get Request: clwlw7uwa002yt9mla1geprdn - undefined
Get Request: clwlw7uwa002zt9mlhgi28byp - undefined
Get Request: clwlw7uwa0030t9mlek2k7k02 - undefined
Get Request: clwlw7uwb0031t9mlx59pwi4g - undefined
[32m[2024-05-25T18:13:04.813] [INFO] express - [39m::ffff:192.168.0.11 - GET /stream - HTTP/1.1" 200 - "http://192.168.0.30:3000/" "Mozilla/5.0 (Windows NT 10.0; Win64; x64; rv:126.0) Gecko/20100101 Firefox/126.0" [0.913 ms X-Real-IP: ::ffff:192.168.0.11 User: undefined Params: {} Body:{}]
Get Request: clwlw7yrh0032t9mlu1fgm3pi - undefined
Get Request: clwlw7zjd0033t9ml21adrxt2 - undefined
Get Request: clwlw7zje0034t9mlhng90za4 - undefined
Get Request: clwlw7zjf0035t9ml1i3u2icl - undefined
Get Request: clwlw7zjf0036t9mlhhqlno7k - undefined
Get Request: clwlw7zjg0037t9mla616idtz - undefined
Get Request: clwlw7zjg0038t9mldu845p6x - undefined
Get Request: clwlw7zjh0039t9mlh0xj3ldj - undefined
Get Request: clwlw7zjh003at9mlq7061sa0 - undefined
Get Request: clwlw7zji003bt9mlrq05wqfv - undefined
[32m[2024-05-25T18:13:10.833] [INFO] express - [39m::ffff:192.168.0.11 - GET /stream - HTTP/1.1" 200 - "http://192.168.0.30:3000/" "Mozilla/5.0 (Windows NT 10.0; Win64; x64; rv:126.0) Gecko/20100101 Firefox/126.0" [1.066 ms X-Real-IP: ::ffff:192.168.0.11 User: undefined Params: {} Body:{}]
Get Request: clwlw83eu003ct9mlcgcyi8az - undefined
Get Request: clwlw846o003dt9ml08my1f8v - undefined
Get Request: clwlw846p003et9mlsropsz8o - undefined
Get Request: clwlw846p003ft9ml9cqs6xua - undefined
Get Request: clwlw846q003gt9mlwahim34r - undefined
Get Request: clwlw846q003ht9mlb39a1z42 - undefined
Get Request: clwlw846r003it9mla9af2x4g - undefined
Get Request: clwlw846r003jt9mlux57y0qw - undefined
Get Request: clwlw846s003kt9mlo80c0t0d - undefined
Get Request: clwlw846s003lt9ml282kou2a - undefined
[32m[2024-05-25T18:13:16.854] [INFO] express - [39m::ffff:192.168.0.11 - GET /stream - HTTP/1.1" 200 - "http://192.168.0.30:3000/" "Mozilla/5.0 (Windows NT 10.0; Win64; x64; rv:126.0) Gecko/20100101 Firefox/126.0" [0.940 ms X-Real-IP: ::ffff:192.168.0.11 User: undefined Params: {} Body:{}]
Get Request: clwlw8823003mt9ml6i89snds - undefined
Get Request: clwlw88tx003nt9mlfioe99r7 - undefined
Get Request: clwlw88ty003ot9ml8fsr8pfu - undefined
Get Request: clwlw88tz003pt9mlkey1k2ph - undefined
Get Request: clwlw88tz003qt9mlhmmmqkg5 - undefined
Get Request: clwlw88u0003rt9mlglwdk4nt - undefined
Get Request: clwlw88u0003st9mld1qvker5 - undefined
Get Request: clwlw88u1003tt9mld86pxfg2 - undefined
Get Request: clwlw88u1003ut9mljgom1xic - undefined
Get Request: clwlw88u2003vt9ml1iv76yqt - undefined
[32m[2024-05-25T18:13:22.876] [INFO] express - [39m::ffff:192.168.0.11 - GET /stream - HTTP/1.1" 200 - "http://192.168.0.30:3000/" "Mozilla/5.0 (Windows NT 10.0; Win64; x64; rv:126.0) Gecko/20100101 Firefox/126.0" [1.447 ms X-Real-IP: ::ffff:192.168.0.11 User: undefined Params: {} Body:{}]
Get Request: clwlw8cpd003wt9mlqvxiyqbu - undefined
Get Request: clwlw8dh7003xt9ml4bomyjix - undefined
Get Request: clwlw8dh7003yt9mldgjn7szq - undefined
Get Request: clwlw8dh8003zt9ml94nm7vgy - undefined
Get Request: clwlw8dh80040t9mlj81errvz - undefined
Get Request: clwlw8dh90041t9mlvf1b8lmv - undefined
Get Request: clwlw8dh90042t9mlz6gvqqgf - undefined
Get Request: clwlw8dha0043t9ml4k2o8z0j - undefined
Get Request: clwlw8dha0044t9ml6y3wj8nz - undefined
Get Request: clwlw8dha0045t9mlsp4oh587 - undefined
[32m[2024-05-25T18:13:28.896] [INFO] express - [39m::ffff:192.168.0.11 - GET /stream - HTTP/1.1" 200 - "http://192.168.0.30:3000/" "Mozilla/5.0 (Windows NT 10.0; Win64; x64; rv:126.0) Gecko/20100101 Firefox/126.0" [1.056 ms X-Real-IP: ::ffff:192.168.0.11 User: undefined Params: {} Body:{}]
